
 448 
./togmus ../umc_dimacs4_4_10_4_0_4_0.txt ../mis.out.gcnf false 0



PARAMETERS:

custom	False
load	False
save	True
optimize	True
showProgress	False
weight	True
diff	False
countFaults	False
probabalistic	True
n	4
m	4
e	10
t	4
l	4
k	0



generating setting... 1466653796.32 0.00862288475037
Nodes of graph: 
[0, 1, 2, 3]
Edges of graph: 
[(0, 1), (0, 2), (1, 0), (1, 2), (1, 3), (2, 0), (2, 3), (3, 0), (3, 1), (3, 2)]


edge 0 (0-1)
edge 1 (0-2)
edge 2 (1-0)
edge 3 (1-2)
edge 4 (1-3)
edge 5 (2-0)
edge 6 (2-3)
edge 7 (3-0)
edge 8 (3-1)
edge 9 (3-2)


0 0 --> 2
0, 2
0 --> 1, 1 --> 2, 2 --> None
################
1 2 --> 0
2, 0
0 --> None, 2 --> 3, 3 --> 0
################
2 3 --> 2
3, 2
1 --> 2, 2 --> None, 3 --> 1
################
3 3 --> 1
3, 1
0 --> 1, 1 --> None, 3 --> 0
################
max length =  1 min length =  1


Message 0 :: 0-->2
------------

	vertex : 0
		Edge (0-2)
		Edge (0-1)
	vertex : 1
		Edge (1-2)
	vertex : 2
Message 1 :: 2-->0
------------

	vertex : 0
	vertex : 2
		Edge (2-0)
		Edge (2-3)
	vertex : 3
		Edge (3-0)
Message 2 :: 3-->2
------------

	vertex : 1
		Edge (1-2)
	vertex : 2
	vertex : 3
		Edge (3-2)
		Edge (3-1)
Message 3 :: 3-->1
------------

	vertex : 0
		Edge (0-1)
	vertex : 1
	vertex : 3
		Edge (3-1)
		Edge (3-0)
Starting Cegar loop... 1466653796.57 0.248252153397

###############################################
###############################################
RUNNING CEGAR... 1466653796.57 8.82148742676e-06

defining priority vars... 1466653796.59 0.0230810642242
defining simulation vars... 1466653796.59 0.00197696685791
adding priority constraints... 1466653796.6 0.00645208358765
solving z3 program... 1466653796.63 0.0285160541534
generating priorities... 1466653796.63 0.00401878356934

MESSAGE PRIORITIES
------------------
Vertex : 0
	Message 1
	Message 0
	Message 3
Vertex : 1
	Message 3
	Message 0
	Message 2
Vertex : 2
	Message 1
	Message 0
	Message 2
Vertex : 3
	Message 3
	Message 1
	Message 2

Calculating Probabilities now... 1466653796.64 0.00621008872986

###############################################
###############################################
RUNNING successProb... 1466653796.64 1.09672546387e-05

optimize=True
naive=False
p_omissions=0.015625
p_crashes=0.015625

Adding constraints... 1466653796.64
STARTING successProb Iterations 1466653796.8 0.164112091064
Time taken = 0
Probability lies in (0,1)
Uncertainity = 1
Do you want to continue with k=0
----------------------k_crashes = 0 -----------------------
Adding k_maxSimulationConstraints... 1466653796.8

----------k,fail_at = 0,0------------
Adding immediatefailureConstraints... 1466653796.81
z3 to cnf... 1466653796.81 0.0131349563599
cnf to dimacs... 1466653796.83 0.0162320137024
saving dimacs to file... 1466653797.42 0.589219093323

num_vars = 448
num_clauses = 1405


running sharpSAT on file... 1466653797.48 0.0563859939575
('cmd >>>', './sharpSAT umc_dimacs4_4_10_4_0_4_0.txt > umc_dimacs4_4_10_4_0_4_0.txt.sol')
('cmd >>>', 'python3 run_cmd_py3.py temp_cmd_file.txt temp_status.txt 2400')
sharpSAT success
reading SharpSat's output...

running mis on file... 1466653797.52 0.0398688316345
('cmd >>>', 'cd mis/ && python MIS.py -output=../mis.out ../umc_dimacs4_4_10_4_0_4_0.txt')
('cmd >>>', 'python3 run_cmd_py3.py temp_cmd_file.txt temp_status.txt 2400')
mis success
('cmd >>>', 'cat umc_dimacs4_4_10_4_0_4_0.txt >> mis.out && mv mis.out umc_dimacs4_4_10_4_0_4_0.txt.ind')
running approxMC on file... 1466653797.59 0.0749540328979
('cmd >>>', './scalmc umc_dimacs4_4_10_4_0_4_0.txt.ind > umc_dimacs4_4_10_4_0_4_0.txt.ind.sol.approx')
('cmd >>>', 'python3 run_cmd_py3.py temp_cmd_file.txt temp_status.txt 2400')
approxMC success
reading approxMC's output...

running approxMC on file... 1466653797.64 0.0496120452881
('cmd >>>', './scalmc umc_dimacs4_4_10_4_0_4_0.txt > umc_dimacs4_4_10_4_0_4_0.txt.sol.approx')
('cmd >>>', 'python3 run_cmd_py3.py temp_cmd_file.txt temp_status.txt 2400')
approxMC success
reading approxMC's output...

numSols_sharpSAT 0
numSols_approxMC 0
numSols_approxMC_mis 0
sharpSAT_time 0.00085
approxMC_time 0.0517408847809
mis_time 0.0679640769958
approxMC_mis_time 0.0495171546936
mis
 533 
./togmus ../umc_dimacs4_4_10_4_1_4_0.txt ../mis.out.gcnf false 0

 543 
./togmus ../umc_dimacs4_4_10_4_1_4_1.txt ../mis.out.gcnf false 0
+approxMC time 0.117481231689

lb=0.0, ub=0.0
p2=0.532626804769
(0.5326268047690454, 1.0)
Time taken = 0.891329050064
Probability lies in (0.532626804769,1.0)
Uncertainity = 0.467373195231
Do you want to continue with k=1
----------------------k_crashes = 1 -----------------------
Adding k_maxSimulationConstraints... 1466653797.69

----------k,fail_at = 1,0------------
Adding immediatefailureConstraints... 1466653797.72
z3 to cnf... 1466653797.73 0.0852470397949
cnf to dimacs... 1466653797.74 0.0185768604279
saving dimacs to file... 1466653798.49 0.747569084167

num_vars = 533
num_clauses = 1663


running sharpSAT on file... 1466653798.49 0.00193095207214
('cmd >>>', './sharpSAT umc_dimacs4_4_10_4_1_4_0.txt > umc_dimacs4_4_10_4_1_4_0.txt.sol')
('cmd >>>', 'python3 run_cmd_py3.py temp_cmd_file.txt temp_status.txt 2400')
sharpSAT success
reading SharpSat's output...

running mis on file... 1466653798.55 0.051185131073
('cmd >>>', 'cd mis/ && python MIS.py -output=../mis.out ../umc_dimacs4_4_10_4_1_4_0.txt')
('cmd >>>', 'python3 run_cmd_py3.py temp_cmd_file.txt temp_status.txt 2400')
mis success
('cmd >>>', 'cat umc_dimacs4_4_10_4_1_4_0.txt >> mis.out && mv mis.out umc_dimacs4_4_10_4_1_4_0.txt.ind')
running approxMC on file... 1466653798.62 0.075767993927
('cmd >>>', './scalmc umc_dimacs4_4_10_4_1_4_0.txt.ind > umc_dimacs4_4_10_4_1_4_0.txt.ind.sol.approx')
('cmd >>>', 'python3 run_cmd_py3.py temp_cmd_file.txt temp_status.txt 2400')
approxMC success
reading approxMC's output...

running approxMC on file... 1466653798.67 0.0518469810486
('cmd >>>', './scalmc umc_dimacs4_4_10_4_1_4_0.txt > umc_dimacs4_4_10_4_1_4_0.txt.sol.approx')
('cmd >>>', 'python3 run_cmd_py3.py temp_cmd_file.txt temp_status.txt 2400')
approxMC success
reading approxMC's output...

numSols_sharpSAT 0
numSols_approxMC 0
numSols_approxMC_mis 0
sharpSAT_time 0.006386
approxMC_time 0.0479140281677
mis_time 0.0688529014587
approxMC_mis_time 0.051787853241
mis+approxMC time 0.1206407547

lb=0.0, ub=0.0
p2=0.0886340803544
(0.6212608851234478, 1.0)

----------k,fail_at = 1,1------------
Adding immediatefailureConstraints... 1466653798.72
z3 to cnf... 1466653798.72 0.0508019924164
cnf to dimacs... 1466653798.74 0.018138885498
saving dimacs to file... 1466653799.5 0.762785196304

num_vars = 543
num_clauses = 1693


running sharpSAT on file... 1466653799.51 0.00150799751282
('cmd >>>', './sharpSAT umc_dimacs4_4_10_4_1_4_1.txt > umc_dimacs4_4_10_4_1_4_1.txt.sol')
('cmd >>>', 'python3 run_cmd_py3.py temp_cmd_file.txt temp_status.txt 2400')
sharpSAT success
reading SharpSat's output...

running mis on file... 1466653799.54 0.0373208522797
('cmd >>>', 'cd mis/ && python MIS.py -output=../mis.out ../umc_dimacs4_4_10_4_1_4_1.txt')
('cmd >>>', 'python3 run_cmd_py3.py temp_cmd_file.txt temp_status.txt 2400')
mis success
('cmd >>>', 'cat umc_dimacs4_4_10_4_1_4_1.txt >> mis.out && mv mis.out umc_dimacs4_4_10_4_1_4_1.txt.ind')
running approxMC on file... 1466653799.62 0.072144985199
('cmd >>>', './scalmc umc_dimacs4_4_10_4_1_4_1.txt.ind > umc_dimacs4_4_10_4_1_4_1.txt.ind.sol.approx')
('cmd >>>', 'python3 run_cmd_py3.py temp_cmd_file.txt temp_status.txt 2400')
approxMC success
reading approxMC's output...

running approxMC on file... 1466653799.66 0.0484731197357
('cmd >>>', './scalmc umc_dimacs4_4_10_4_1_4_1.txt > umc_dimacs4_4_10_4_1_4_1.txt.sol.approx')
('cmd >>>', 'python3 run_cmd_py3.py temp_cmd_file.txt temp_status.txt 2400')
approxMC success
reading approxMC's output...

numSols_sharpSAT 0
numSols_approxMC 0
numSols_approxMC_mis 0
sharpSAT_time 0.000943
approxMC_time 0.0569868087769
mis_time 0.0663871765137
approxMC_mis_time 0.048397064209
mis+approxMC time 0.114784240723

lb=0.0, ub=0.0
p2=0.0872491728489
(0.7085100579723126, 1.0)

----------k,fail_at = 1,2------------
Adding immediatefailureConstraints... 1466653799.72
z3 to cnf... 1466653799.72 0.0597338676453
cnf to dimacs... 1466653799.74 0.0183551311493
saving dimacs to file... 1466653800.5 0.760171890259

num_vars = 543
num_clauses = 1693


running sharpSAT on file... 1466653800.5 0.00148510932922
('cmd >>>', './sh
 543 
./togmus ../umc_dimacs4_4_10_4_1_4_2.txt ../mis.out.gcnf false 0

 543 
./togmus ../umc_dimacs4_4_10_4_1_4_3.txt ../mis.out.gcnf false 0

 533 
./togmus ../umc_dimacs4_4_10_4_2_4_0.txt ../mis.out.gcnf false 0
arpSAT umc_dimacs4_4_10_4_1_4_2.txt > umc_dimacs4_4_10_4_1_4_2.txt.sol')
('cmd >>>', 'python3 run_cmd_py3.py temp_cmd_file.txt temp_status.txt 2400')
sharpSAT success
reading SharpSat's output...

running mis on file... 1466653800.54 0.0385789871216
('cmd >>>', 'cd mis/ && python MIS.py -output=../mis.out ../umc_dimacs4_4_10_4_1_4_2.txt')
('cmd >>>', 'python3 run_cmd_py3.py temp_cmd_file.txt temp_status.txt 2400')
mis success
('cmd >>>', 'cat umc_dimacs4_4_10_4_1_4_2.txt >> mis.out && mv mis.out umc_dimacs4_4_10_4_1_4_2.txt.ind')
running approxMC on file... 1466653800.62 0.0730450153351
('cmd >>>', './scalmc umc_dimacs4_4_10_4_1_4_2.txt.ind > umc_dimacs4_4_10_4_1_4_2.txt.ind.sol.approx')
('cmd >>>', 'python3 run_cmd_py3.py temp_cmd_file.txt temp_status.txt 2400')
approxMC success
reading approxMC's output...

running approxMC on file... 1466653800.67 0.0495858192444
('cmd >>>', './scalmc umc_dimacs4_4_10_4_1_4_2.txt > umc_dimacs4_4_10_4_1_4_2.txt.sol.approx')
('cmd >>>', 'python3 run_cmd_py3.py temp_cmd_file.txt temp_status.txt 2400')
approxMC success
reading approxMC's output...

numSols_sharpSAT 0
numSols_approxMC 0
numSols_approxMC_mis 0
sharpSAT_time 0.001
approxMC_time 0.0506291389465
mis_time 0.0665030479431
approxMC_mis_time 0.0495290756226
mis+approxMC time 0.116032123566

lb=0.0, ub=0.0
p2=0.0858859045231
(0.7943959624954139, 1.0)

----------k,fail_at = 1,3------------
Adding immediatefailureConstraints... 1466653800.72
z3 to cnf... 1466653800.72 0.0535640716553
cnf to dimacs... 1466653800.74 0.0182740688324
saving dimacs to file... 1466653801.52 0.783318042755

num_vars = 543
num_clauses = 1693


running sharpSAT on file... 1466653801.57 0.0512728691101
('cmd >>>', './sharpSAT umc_dimacs4_4_10_4_1_4_3.txt > umc_dimacs4_4_10_4_1_4_3.txt.sol')
('cmd >>>', 'python3 run_cmd_py3.py temp_cmd_file.txt temp_status.txt 2400')
sharpSAT success
reading SharpSat's output...

running mis on file... 1466653801.61 0.0386490821838
('cmd >>>', 'cd mis/ && python MIS.py -output=../mis.out ../umc_dimacs4_4_10_4_1_4_3.txt')
('cmd >>>', 'python3 run_cmd_py3.py temp_cmd_file.txt temp_status.txt 2400')
mis success
('cmd >>>', 'cat umc_dimacs4_4_10_4_1_4_3.txt >> mis.out && mv mis.out umc_dimacs4_4_10_4_1_4_3.txt.ind')
running approxMC on file... 1466653801.68 0.0741550922394
('cmd >>>', './scalmc umc_dimacs4_4_10_4_1_4_3.txt.ind > umc_dimacs4_4_10_4_1_4_3.txt.ind.sol.approx')
('cmd >>>', 'python3 run_cmd_py3.py temp_cmd_file.txt temp_status.txt 2400')
approxMC success
reading approxMC's output...

running approxMC on file... 1466653801.73 0.0428709983826
('cmd >>>', './scalmc umc_dimacs4_4_10_4_1_4_3.txt > umc_dimacs4_4_10_4_1_4_3.txt.sol.approx')
('cmd >>>', 'python3 run_cmd_py3.py temp_cmd_file.txt temp_status.txt 2400')
approxMC success
reading approxMC's output...

numSols_sharpSAT 0
numSols_approxMC 0
numSols_approxMC_mis 0
sharpSAT_time 0.001078
approxMC_time 0.0436370372772
mis_time 0.0685970783234
approxMC_mis_time 0.0428130626678
mis+approxMC time 0.111410140991

lb=0.0, ub=0.0
p2=0.0845439372649
(0.8789398997603417, 1.0)
Time taken = 4.07800722122
Probability lies in (0.87893989976,1.0)
Uncertainity = 0.12106010024
Do you want to continue with k=2
----------------------k_crashes = 2 -----------------------
Adding k_maxSimulationConstraints... 1466653801.77

----------k,fail_at = 2,0------------
Adding immediatefailureConstraints... 1466653801.79
z3 to cnf... 1466653801.79 0.0645787715912
cnf to dimacs... 1466653801.81 0.0168330669403
saving dimacs to file... 1466653802.54 0.728595018387

num_vars = 533
num_clauses = 1663


running sharpSAT on file... 1466653802.54 0.00149393081665
('cmd >>>', './sharpSAT umc_dimacs4_4_10_4_2_4_0.txt > umc_dimacs4_4_10_4_2_4_0.txt.sol')
('cmd >>>', 'python3 run_cmd_py3.py temp_cmd_file.txt temp_status.txt 2400')
sharpSAT success
reading SharpSat's output...

running mis on file... 1466653802.58 0.0418481826782
('cmd >>>', 'cd mis/ && python MIS.py -output=../mis.out ../umc_dimacs4_4_10_4_2_4_0.txt')
('cmd >>>', 'python3 run_cmd_py3.py temp_cmd_file.txt temp_status.txt 2400')
mis success
('cm
 543 
./togmus ../umc_dimacs4_4_10_4_2_4_1.txt ../mis.out.gcnf false 0

 543 
./togmus ../umc_dimacs4_4_10_4_2_4_2.txt ../mis.out.gcnf false 0
d >>>', 'cat umc_dimacs4_4_10_4_2_4_0.txt >> mis.out && mv mis.out umc_dimacs4_4_10_4_2_4_0.txt.ind')
running approxMC on file... 1466653802.79 0.20583486557
('cmd >>>', './scalmc umc_dimacs4_4_10_4_2_4_0.txt.ind > umc_dimacs4_4_10_4_2_4_0.txt.ind.sol.approx')
('cmd >>>', 'python3 run_cmd_py3.py temp_cmd_file.txt temp_status.txt 2400')
approxMC success
reading approxMC's output...
8 x 2^0

running approxMC on file... 1466653802.85 0.0597231388092
('cmd >>>', './scalmc umc_dimacs4_4_10_4_2_4_0.txt > umc_dimacs4_4_10_4_2_4_0.txt.sol.approx')
('cmd >>>', 'python3 run_cmd_py3.py temp_cmd_file.txt temp_status.txt 2400')
approxMC success
reading approxMC's output...
8 x 2^0

numSols_sharpSAT 8
numSols_approxMC 8
numSols_approxMC_mis 8
sharpSAT_time 0.00517
approxMC_time 0.0576751232147
mis_time 0.200126171112
approxMC_mis_time 0.0595939159393
mis+approxMC time 0.259720087051

lb=0.00117996317571, ub=0.00117996317571
p2=0.00663729286335
(0.8843972294479839, 0.9988200368242935)

----------k,fail_at = 2,1------------
Adding immediatefailureConstraints... 1466653802.9
z3 to cnf... 1466653802.91 0.0606389045715
cnf to dimacs... 1466653802.93 0.0208139419556
saving dimacs to file... 1466653803.71 0.785586118698

num_vars = 543
num_clauses = 1693


running sharpSAT on file... 1466653803.71 0.00155401229858
('cmd >>>', './sharpSAT umc_dimacs4_4_10_4_2_4_1.txt > umc_dimacs4_4_10_4_2_4_1.txt.sol')
('cmd >>>', 'python3 run_cmd_py3.py temp_cmd_file.txt temp_status.txt 2400')
sharpSAT success
reading SharpSat's output...

running mis on file... 1466653803.75 0.0393409729004
('cmd >>>', 'cd mis/ && python MIS.py -output=../mis.out ../umc_dimacs4_4_10_4_2_4_1.txt')
('cmd >>>', 'python3 run_cmd_py3.py temp_cmd_file.txt temp_status.txt 2400')
mis success
('cmd >>>', 'cat umc_dimacs4_4_10_4_2_4_1.txt >> mis.out && mv mis.out umc_dimacs4_4_10_4_2_4_1.txt.ind')
running approxMC on file... 1466653803.83 0.0723428726196
('cmd >>>', './scalmc umc_dimacs4_4_10_4_2_4_1.txt.ind > umc_dimacs4_4_10_4_2_4_1.txt.ind.sol.approx')
('cmd >>>', 'python3 run_cmd_py3.py temp_cmd_file.txt temp_status.txt 2400')
approxMC success
reading approxMC's output...

running approxMC on file... 1466653803.88 0.0532941818237
('cmd >>>', './scalmc umc_dimacs4_4_10_4_2_4_1.txt > umc_dimacs4_4_10_4_2_4_1.txt.sol.approx')
('cmd >>>', 'python3 run_cmd_py3.py temp_cmd_file.txt temp_status.txt 2400')
approxMC success
reading approxMC's output...

numSols_sharpSAT 0
numSols_approxMC 0
numSols_approxMC_mis 0
sharpSAT_time 0.001046
approxMC_time 0.0577020645142
mis_time 0.0663561820984
approxMC_mis_time 0.0532221794128
mis+approxMC time 0.119578361511

lb=0.0, ub=0.0
p2=0.0064314978942
(0.8908287273421809, 0.9988200368242935)

----------k,fail_at = 2,2------------
Adding immediatefailureConstraints... 1466653803.94
z3 to cnf... 1466653803.94 0.0603868961334
cnf to dimacs... 1466653803.96 0.0174560546875
saving dimacs to file... 1466653804.71 0.747611999512

num_vars = 543
num_clauses = 1693


running sharpSAT on file... 1466653804.71 0.00152802467346
('cmd >>>', './sharpSAT umc_dimacs4_4_10_4_2_4_2.txt > umc_dimacs4_4_10_4_2_4_2.txt.sol')
('cmd >>>', 'python3 run_cmd_py3.py temp_cmd_file.txt temp_status.txt 2400')
sharpSAT success
reading SharpSat's output...

running mis on file... 1466653804.75 0.03884100914
('cmd >>>', 'cd mis/ && python MIS.py -output=../mis.out ../umc_dimacs4_4_10_4_2_4_2.txt')
('cmd >>>', 'python3 run_cmd_py3.py temp_cmd_file.txt temp_status.txt 2400')
mis success
('cmd >>>', 'cat umc_dimacs4_4_10_4_2_4_2.txt >> mis.out && mv mis.out umc_dimacs4_4_10_4_2_4_2.txt.ind')
running approxMC on file... 1466653804.82 0.0725739002228
('cmd >>>', './scalmc umc_dimacs4_4_10_4_2_4_2.txt.ind > umc_dimacs4_4_10_4_2_4_2.txt.ind.sol.approx')
('cmd >>>', 'python3 run_cmd_py3.py temp_cmd_file.txt temp_status.txt 2400')
approxMC success
reading approxMC's output...

running approxMC on file... 1466653804.87 0.0509159564972
('cmd >>>', './scalmc umc_dimacs4_4_10_4_2_4_2.txt > umc_dimacs4_4_10_4_2_4_2.txt.sol.approx')
('cmd >>>', 'python3 run_cmd_py3.py temp_cmd_file.txt temp_statu
 543 
./togmus ../umc_dimacs4_4_10_4_2_4_3.txt ../mis.out.gcnf false 0

 570 
./togmus ../umc_dimacs4_4_10_4_3_4_0.txt ../mis.out.gcnf false 0
s.txt 2400')
approxMC success
reading approxMC's output...

numSols_sharpSAT 0
numSols_approxMC 0
numSols_approxMC_mis 0
sharpSAT_time 0.001098
approxMC_time 0.0506188869476
mis_time 0.0665698051453
approxMC_mis_time 0.0508010387421
mis+approxMC time 0.117370843887

lb=0.0, ub=0.0
p2=0.00623208377492
(0.8970608111170998, 0.9988200368242935)

----------k,fail_at = 2,3------------
Adding immediatefailureConstraints... 1466653804.92
z3 to cnf... 1466653804.92 0.0534400939941
cnf to dimacs... 1466653804.94 0.0184009075165
saving dimacs to file... 1466653805.69 0.748775959015

num_vars = 543
num_clauses = 1693


running sharpSAT on file... 1466653805.69 0.00165319442749
('cmd >>>', './sharpSAT umc_dimacs4_4_10_4_2_4_3.txt > umc_dimacs4_4_10_4_2_4_3.txt.sol')
('cmd >>>', 'python3 run_cmd_py3.py temp_cmd_file.txt temp_status.txt 2400')
sharpSAT success
reading SharpSat's output...

running mis on file... 1466653805.73 0.0390808582306
('cmd >>>', 'cd mis/ && python MIS.py -output=../mis.out ../umc_dimacs4_4_10_4_2_4_3.txt')
('cmd >>>', 'python3 run_cmd_py3.py temp_cmd_file.txt temp_status.txt 2400')
mis success
('cmd >>>', 'cat umc_dimacs4_4_10_4_2_4_3.txt >> mis.out && mv mis.out umc_dimacs4_4_10_4_2_4_3.txt.ind')
running approxMC on file... 1466653805.8 0.07342004776
('cmd >>>', './scalmc umc_dimacs4_4_10_4_2_4_3.txt.ind > umc_dimacs4_4_10_4_2_4_3.txt.ind.sol.approx')
('cmd >>>', 'python3 run_cmd_py3.py temp_cmd_file.txt temp_status.txt 2400')
approxMC success
reading approxMC's output...

running approxMC on file... 1466653805.85 0.0497999191284
('cmd >>>', './scalmc umc_dimacs4_4_10_4_2_4_3.txt > umc_dimacs4_4_10_4_2_4_3.txt.sol.approx')
('cmd >>>', 'python3 run_cmd_py3.py temp_cmd_file.txt temp_status.txt 2400')
approxMC success
reading approxMC's output...

numSols_sharpSAT 0
numSols_approxMC 0
numSols_approxMC_mis 0
sharpSAT_time 0.00097
approxMC_time 0.0509231090546
mis_time 0.0673720836639
approxMC_mis_time 0.0497319698334
mis+approxMC time 0.117104053497

lb=0.0, ub=0.0
p2=0.00603885266178
(0.9030996637788804, 0.9988200368242935)
Time taken = 4.13351607323
Probability lies in (0.903099663779,0.998820036824)
Uncertainity = 0.0957203730454
Do you want to continue with k=3
----------------------k_crashes = 3 -----------------------
Adding k_maxSimulationConstraints... 1466653805.9

----------k,fail_at = 3,0------------
Adding immediatefailureConstraints... 1466653805.93
z3 to cnf... 1466653805.93 0.0776271820068
cnf to dimacs... 1466653805.95 0.0177268981934
saving dimacs to file... 1466653806.78 0.830914020538

num_vars = 570
num_clauses = 1828


running sharpSAT on file... 1466653806.78 0.00162601470947
('cmd >>>', './sharpSAT umc_dimacs4_4_10_4_3_4_0.txt > umc_dimacs4_4_10_4_3_4_0.txt.sol')
('cmd >>>', 'python3 run_cmd_py3.py temp_cmd_file.txt temp_status.txt 2400')
sharpSAT success
reading SharpSat's output...

running mis on file... 1466653806.83 0.0503940582275
('cmd >>>', 'cd mis/ && python MIS.py -output=../mis.out ../umc_dimacs4_4_10_4_3_4_0.txt')
('cmd >>>', 'python3 run_cmd_py3.py temp_cmd_file.txt temp_status.txt 2400')
mis success
('cmd >>>', 'cat umc_dimacs4_4_10_4_3_4_0.txt >> mis.out && mv mis.out umc_dimacs4_4_10_4_3_4_0.txt.ind')
running approxMC on file... 1466653807.69 0.856024980545
('cmd >>>', './scalmc umc_dimacs4_4_10_4_3_4_0.txt.ind > umc_dimacs4_4_10_4_3_4_0.txt.ind.sol.approx')
('cmd >>>', 'python3 run_cmd_py3.py temp_cmd_file.txt temp_status.txt 2400')
approxMC success
reading approxMC's output...
27 x 2^1

running approxMC on file... 1466653807.89 0.202728033066
('cmd >>>', './scalmc umc_dimacs4_4_10_4_3_4_0.txt > umc_dimacs4_4_10_4_3_4_0.txt.sol.approx')
('cmd >>>', 'python3 run_cmd_py3.py temp_cmd_file.txt temp_status.txt 2400')
approxMC success
reading approxMC's output...
27 x 2^1

numSols_sharpSAT 55
numSols_approxMC 54
numSols_approxMC_mis 54
sharpSAT_time 0.011849
approxMC_time 0.60146689415
mis_time 0.850410938263
approxMC_mis_time 0.202638149261
mis+approxMC time 1.05304908752

lb=0.000134995372221, ub=0.000134995372221
p2=0.000294535357574
(0.9032592037642331, 0.998685041452072)

---
 580 
./togmus ../umc_dimacs4_4_10_4_3_4_1.txt ../mis.out.gcnf false 0

 580 
./togmus ../umc_dimacs4_4_10_4_3_4_2.txt ../mis.out.gcnf false 0
-------k,fail_at = 3,1------------
Adding immediatefailureConstraints... 1466653808.49
z3 to cnf... 1466653808.5 0.604316949844
cnf to dimacs... 1466653808.51 0.0178589820862
saving dimacs to file... 1466653809.37 0.853088855743

num_vars = 580
num_clauses = 1858


running sharpSAT on file... 1466653809.37 0.00174117088318
('cmd >>>', './sharpSAT umc_dimacs4_4_10_4_3_4_1.txt > umc_dimacs4_4_10_4_3_4_1.txt.sol')
('cmd >>>', 'python3 run_cmd_py3.py temp_cmd_file.txt temp_status.txt 2400')
sharpSAT success
reading SharpSat's output...

running mis on file... 1466653809.41 0.0389180183411
('cmd >>>', 'cd mis/ && python MIS.py -output=../mis.out ../umc_dimacs4_4_10_4_3_4_1.txt')
('cmd >>>', 'python3 run_cmd_py3.py temp_cmd_file.txt temp_status.txt 2400')
mis success
('cmd >>>', 'cat umc_dimacs4_4_10_4_3_4_1.txt >> mis.out && mv mis.out umc_dimacs4_4_10_4_3_4_1.txt.ind')
running approxMC on file... 1466653809.48 0.0742900371552
('cmd >>>', './scalmc umc_dimacs4_4_10_4_3_4_1.txt.ind > umc_dimacs4_4_10_4_3_4_1.txt.ind.sol.approx')
('cmd >>>', 'python3 run_cmd_py3.py temp_cmd_file.txt temp_status.txt 2400')
approxMC success
reading approxMC's output...

running approxMC on file... 1466653809.54 0.0624558925629
('cmd >>>', './scalmc umc_dimacs4_4_10_4_3_4_1.txt > umc_dimacs4_4_10_4_3_4_1.txt.sol.approx')
('cmd >>>', 'python3 run_cmd_py3.py temp_cmd_file.txt temp_status.txt 2400')
approxMC success
reading approxMC's output...

numSols_sharpSAT 0
numSols_approxMC 0
numSols_approxMC_mis 0
sharpSAT_time 0.001055
approxMC_time 0.0519468784332
mis_time 0.0680060386658
approxMC_mis_time 0.0623581409454
mis+approxMC time 0.130364179611

lb=0.0, ub=0.0
p2=0.000280943613263
(0.9035401473774965, 0.998685041452072)

----------k,fail_at = 3,2------------
Adding immediatefailureConstraints... 1466653809.6
z3 to cnf... 1466653809.6 0.055083990097
cnf to dimacs... 1466653809.62 0.0183119773865
saving dimacs to file... 1466653810.5 0.878997087479

num_vars = 580
num_clauses = 1858


running sharpSAT on file... 1466653810.5 0.00204586982727
('cmd >>>', './sharpSAT umc_dimacs4_4_10_4_3_4_2.txt > umc_dimacs4_4_10_4_3_4_2.txt.sol')
('cmd >>>', 'python3 run_cmd_py3.py temp_cmd_file.txt temp_status.txt 2400')
sharpSAT success
reading SharpSat's output...

running mis on file... 1466653810.54 0.0420300960541
('cmd >>>', 'cd mis/ && python MIS.py -output=../mis.out ../umc_dimacs4_4_10_4_3_4_2.txt')
('cmd >>>', 'python3 run_cmd_py3.py temp_cmd_file.txt temp_status.txt 2400')
mis success
('cmd >>>', 'cat umc_dimacs4_4_10_4_3_4_2.txt >> mis.out && mv mis.out umc_dimacs4_4_10_4_3_4_2.txt.ind')
running approxMC on file... 1466653810.61 0.0744349956512
('cmd >>>', './scalmc umc_dimacs4_4_10_4_3_4_2.txt.ind > umc_dimacs4_4_10_4_3_4_2.txt.ind.sol.approx')
('cmd >>>', 'python3 run_cmd_py3.py temp_cmd_file.txt temp_status.txt 2400')
approxMC success
reading approxMC's output...

running approxMC on file... 1466653810.66 0.0437350273132
('cmd >>>', './scalmc umc_dimacs4_4_10_4_3_4_2.txt > umc_dimacs4_4_10_4_3_4_2.txt.sol.approx')
('cmd >>>', 'python3 run_cmd_py3.py temp_cmd_file.txt temp_status.txt 2400')
approxMC success
reading approxMC's output...

numSols_sharpSAT 0
numSols_approxMC 0
numSols_approxMC_mis 0
sharpSAT_time 0.001113
approxMC_time 0.0435628890991
mis_time 0.0688359737396
approxMC_mis_time 0.0436840057373
mis+approxMC time 0.112519979477

lb=0.0, ub=0.0
p2=0.000267979078925
(0.9038081264564214, 0.998685041452072)

----------k,fail_at = 3,3------------
Adding immediatefailureConstraints... 1466653810.7
z3 to cnf... 1466653810.7 0.0462679862976
cnf to dimacs... 1466653810.72 0.0193090438843
saving dimacs to file... 1466653811.58 0.857110977173

num_vars = 580
num_clauses = 1858


running sharpSAT on file... 1466653811.58 0.00170302391052
('cmd >>>', './sharpSAT umc_dimacs4_4_10_4_3_4_3.txt > umc_dimacs4_4_10_4_3_4_3.txt.sol')
('cmd >>>', 'python3 run_cmd_py3.py temp_cmd_file.txt temp_status.txt 2400')
sharpSAT success
reading SharpSat's output...

running mis on file... 1466653811.62 0.0386099815369
('cmd >>>', 'cd mis/ && python MIS.py -output=../mis.
 580 
./togmus ../umc_dimacs4_4_10_4_3_4_3.txt ../mis.out.gcnf false 0

 570 
./togmus ../umc_dimacs4_4_10_4_4_4_0.txt ../mis.out.gcnf false 0

 580 
./togmus ../umc_dimacs4_4_10_4_4_4_1.txt ../mis.out.gcnf false 0
out ../umc_dimacs4_4_10_4_3_4_3.txt')
('cmd >>>', 'python3 run_cmd_py3.py temp_cmd_file.txt temp_status.txt 2400')
mis success
('cmd >>>', 'cat umc_dimacs4_4_10_4_3_4_3.txt >> mis.out && mv mis.out umc_dimacs4_4_10_4_3_4_3.txt.ind')
running approxMC on file... 1466653811.69 0.0725739002228
('cmd >>>', './scalmc umc_dimacs4_4_10_4_3_4_3.txt.ind > umc_dimacs4_4_10_4_3_4_3.txt.ind.sol.approx')
('cmd >>>', 'python3 run_cmd_py3.py temp_cmd_file.txt temp_status.txt 2400')
approxMC success
reading approxMC's output...

running approxMC on file... 1466653811.74 0.0430369377136
('cmd >>>', './scalmc umc_dimacs4_4_10_4_3_4_3.txt > umc_dimacs4_4_10_4_3_4_3.txt.sol.approx')
('cmd >>>', 'python3 run_cmd_py3.py temp_cmd_file.txt temp_status.txt 2400')
approxMC success
reading approxMC's output...

numSols_sharpSAT 0
numSols_approxMC 0
numSols_approxMC_mis 0
sharpSAT_time 0.001132
approxMC_time 0.0456531047821
mis_time 0.0670289993286
approxMC_mis_time 0.0429830551147
mis+approxMC time 0.110012054443

lb=0.0, ub=0.0
p2=0.000255612811081
(0.904063739267502, 0.998685041452072)
Time taken = 5.87751698494
Probability lies in (0.904063739268,0.998685041452)
Uncertainity = 0.0946213021846
Do you want to continue with k=4
----------------------k_crashes = 4 -----------------------
Adding k_maxSimulationConstraints... 1466653811.78

----------k,fail_at = 4,0------------
Adding immediatefailureConstraints... 1466653811.81
z3 to cnf... 1466653811.81 0.0708131790161
cnf to dimacs... 1466653811.82 0.0173189640045
saving dimacs to file... 1466653812.67 0.841491937637

num_vars = 570
num_clauses = 1828


running sharpSAT on file... 1466653812.67 0.001708984375
('cmd >>>', './sharpSAT umc_dimacs4_4_10_4_4_4_0.txt > umc_dimacs4_4_10_4_4_4_0.txt.sol')
('cmd >>>', 'python3 run_cmd_py3.py temp_cmd_file.txt temp_status.txt 2400')
sharpSAT success
reading SharpSat's output...

running mis on file... 1466653812.72 0.0506770610809
('cmd >>>', 'cd mis/ && python MIS.py -output=../mis.out ../umc_dimacs4_4_10_4_4_4_0.txt')
('cmd >>>', 'python3 run_cmd_py3.py temp_cmd_file.txt temp_status.txt 2400')
mis success
('cmd >>>', 'cat umc_dimacs4_4_10_4_4_4_0.txt >> mis.out && mv mis.out umc_dimacs4_4_10_4_4_4_0.txt.ind')
running approxMC on file... 1466653813.68 0.957025051117
('cmd >>>', './scalmc umc_dimacs4_4_10_4_4_4_0.txt.ind > umc_dimacs4_4_10_4_4_4_0.txt.ind.sol.approx')
('cmd >>>', 'python3 run_cmd_py3.py temp_cmd_file.txt temp_status.txt 2400')
approxMC success
reading approxMC's output...
38 x 2^2

running approxMC on file... 1466653813.93 0.249321937561
('cmd >>>', './scalmc umc_dimacs4_4_10_4_4_4_0.txt > umc_dimacs4_4_10_4_4_4_0.txt.sol.approx')
('cmd >>>', 'python3 run_cmd_py3.py temp_cmd_file.txt temp_status.txt 2400')
approxMC success
reading approxMC's output...
41 x 2^2

numSols_sharpSAT 153
numSols_approxMC 164
numSols_approxMC_mis 152
sharpSAT_time 0.011086
approxMC_time 1.00074100494
mis_time 0.951360940933
approxMC_mis_time 0.249242067337
mis+approxMC time 1.20060300827

lb=6.24921326786e-06, ub=6.24921326786e-06
p2=8.57735154412e-06
(0.9040660674057783, 0.9986787922388042)

----------k,fail_at = 4,1------------
Adding immediatefailureConstraints... 1466653814.93
z3 to cnf... 1466653814.93 1.00341796875
cnf to dimacs... 1466653814.95 0.0184891223907
saving dimacs to file... 1466653815.86 0.912172794342

num_vars = 580
num_clauses = 1858


running sharpSAT on file... 1466653815.86 0.00190615653992
('cmd >>>', './sharpSAT umc_dimacs4_4_10_4_4_4_1.txt > umc_dimacs4_4_10_4_4_4_1.txt.sol')
('cmd >>>', 'python3 run_cmd_py3.py temp_cmd_file.txt temp_status.txt 2400')
sharpSAT success
reading SharpSat's output...

running mis on file... 1466653815.9 0.0396058559418
('cmd >>>', 'cd mis/ && python MIS.py -output=../mis.out ../umc_dimacs4_4_10_4_4_4_1.txt')
('cmd >>>', 'python3 run_cmd_py3.py temp_cmd_file.txt temp_status.txt 2400')
mis success
('cmd >>>', 'cat umc_dimacs4_4_10_4_4_4_1.txt >> mis.out && mv mis.out umc_dimacs4_4_10_4_4_4_1.txt.ind')
running approxMC on file... 1466653815.97 0.0728480815887
('cmd >>>', './scalmc umc_dimacs4_4_10_4_4_4_1.txt.in
 580 
./togmus ../umc_dimacs4_4_10_4_4_4_2.txt ../mis.out.gcnf false 0

 580 
./togmus ../umc_dimacs4_4_10_4_4_4_3.txt ../mis.out.gcnf false 0
d > umc_dimacs4_4_10_4_4_4_1.txt.ind.sol.approx')
('cmd >>>', 'python3 run_cmd_py3.py temp_cmd_file.txt temp_status.txt 2400')
approxMC success
reading approxMC's output...

running approxMC on file... 1466653816.02 0.044075012207
('cmd >>>', './scalmc umc_dimacs4_4_10_4_4_4_1.txt > umc_dimacs4_4_10_4_4_4_1.txt.sol.approx')
('cmd >>>', 'python3 run_cmd_py3.py temp_cmd_file.txt temp_status.txt 2400')
approxMC success
reading approxMC's output...

numSols_sharpSAT 0
numSols_approxMC 0
numSols_approxMC_mis 0
sharpSAT_time 0.001159
approxMC_time 0.0419220924377
mis_time 0.0672271251678
approxMC_mis_time 0.0440208911896
mis+approxMC time 0.111248016357

lb=0.0, ub=0.0
p2=8.05370118367e-06
(0.904074121106962, 0.9986787922388042)

----------k,fail_at = 4,2------------
Adding immediatefailureConstraints... 1466653816.06
z3 to cnf... 1466653816.06 0.0444459915161
cnf to dimacs... 1466653816.08 0.0170509815216
saving dimacs to file... 1466653816.91 0.826565027237

num_vars = 580
num_clauses = 1858


running sharpSAT on file... 1466653816.91 0.00158405303955
('cmd >>>', './sharpSAT umc_dimacs4_4_10_4_4_4_2.txt > umc_dimacs4_4_10_4_4_4_2.txt.sol')
('cmd >>>', 'python3 run_cmd_py3.py temp_cmd_file.txt temp_status.txt 2400')
sharpSAT success
reading SharpSat's output...

running mis on file... 1466653816.95 0.038074016571
('cmd >>>', 'cd mis/ && python MIS.py -output=../mis.out ../umc_dimacs4_4_10_4_4_4_2.txt')
('cmd >>>', 'python3 run_cmd_py3.py temp_cmd_file.txt temp_status.txt 2400')
mis success
('cmd >>>', 'cat umc_dimacs4_4_10_4_4_4_2.txt >> mis.out && mv mis.out umc_dimacs4_4_10_4_4_4_2.txt.ind')
running approxMC on file... 1466653817.02 0.0716619491577
('cmd >>>', './scalmc umc_dimacs4_4_10_4_4_4_2.txt.ind > umc_dimacs4_4_10_4_4_4_2.txt.ind.sol.approx')
('cmd >>>', 'python3 run_cmd_py3.py temp_cmd_file.txt temp_status.txt 2400')
approxMC success
reading approxMC's output...

running approxMC on file... 1466653817.06 0.0421969890594
('cmd >>>', './scalmc umc_dimacs4_4_10_4_4_4_2.txt > umc_dimacs4_4_10_4_4_4_2.txt.sol.approx')
('cmd >>>', 'python3 run_cmd_py3.py temp_cmd_file.txt temp_status.txt 2400')
approxMC success
reading approxMC's output...

numSols_sharpSAT 0
numSols_approxMC 0
numSols_approxMC_mis 0
sharpSAT_time 0.001121
approxMC_time 0.0418691635132
mis_time 0.06623005867
approxMC_mis_time 0.0421299934387
mis+approxMC time 0.108360052109

lb=0.0, ub=0.0
p2=7.56201986384e-06
(0.9040816831268258, 0.9986787922388042)

----------k,fail_at = 4,3------------
Adding immediatefailureConstraints... 1466653817.1
z3 to cnf... 1466653817.1 0.0445399284363
cnf to dimacs... 1466653817.12 0.0172049999237
saving dimacs to file... 1466653817.95 0.827450037003

num_vars = 580
num_clauses = 1858


running sharpSAT on file... 1466653817.95 0.00171494483948
('cmd >>>', './sharpSAT umc_dimacs4_4_10_4_4_4_3.txt > umc_dimacs4_4_10_4_4_4_3.txt.sol')
('cmd >>>', 'python3 run_cmd_py3.py temp_cmd_file.txt temp_status.txt 2400')
sharpSAT success
reading SharpSat's output...

running mis on file... 1466653817.99 0.0382030010223
('cmd >>>', 'cd mis/ && python MIS.py -output=../mis.out ../umc_dimacs4_4_10_4_4_4_3.txt')
('cmd >>>', 'python3 run_cmd_py3.py temp_cmd_file.txt temp_status.txt 2400')
mis success
('cmd >>>', 'cat umc_dimacs4_4_10_4_4_4_3.txt >> mis.out && mv mis.out umc_dimacs4_4_10_4_4_4_3.txt.ind')
running approxMC on file... 1466653818.06 0.0737590789795
('cmd >>>', './scalmc umc_dimacs4_4_10_4_4_4_3.txt.ind > umc_dimacs4_4_10_4_4_4_3.txt.ind.sol.approx')
('cmd >>>', 'python3 run_cmd_py3.py temp_cmd_file.txt temp_status.txt 2400')
approxMC success
reading approxMC's output...

running approxMC on file... 1466653818.1 0.0425899028778
('cmd >>>', './scalmc umc_dimacs4_4_10_4_4_4_3.txt > umc_dimacs4_4_10_4_4_4_3.txt.sol.approx')
('cmd >>>', 'python3 run_cmd_py3.py temp_cmd_file.txt temp_status.txt 2400')
approxMC success
reading approxMC's output...

numSols_sharpSAT 0
numSols_approxMC 0
numSols_approxMC_mis 0
sharpSAT_time 0.000947
approxMC_time 0.0450809001923
mis_time 0.068265914917
approxMC_mis_time 0.042534828186
mis+approxMC time 0.11
 570 
./togmus ../umc_dimacs4_4_10_4_5_4_0.txt ../mis.out.gcnf false 0

 580 
./togmus ../umc_dimacs4_4_10_4_5_4_1.txt ../mis.out.gcnf false 0
0800743103

lb=0.0, ub=0.0
p2=7.10035586335e-06
(0.9040887834826892, 0.9986787922388042)
Time taken = 6.36724090576
Probability lies in (0.904088783483,0.998678792239)
Uncertainity = 0.0945900087561
Do you want to continue with k=5
----------------------k_crashes = 5 -----------------------
Adding k_maxSimulationConstraints... 1466653818.15

----------k,fail_at = 5,0------------
Adding immediatefailureConstraints... 1466653818.17
z3 to cnf... 1466653818.18 0.0713701248169
cnf to dimacs... 1466653818.19 0.0177319049835
saving dimacs to file... 1466653819.02 0.830048084259

num_vars = 570
num_clauses = 1828


running sharpSAT on file... 1466653819.03 0.00164294242859
('cmd >>>', './sharpSAT umc_dimacs4_4_10_4_5_4_0.txt > umc_dimacs4_4_10_4_5_4_0.txt.sol')
('cmd >>>', 'python3 run_cmd_py3.py temp_cmd_file.txt temp_status.txt 2400')
sharpSAT success
reading SharpSat's output...

running mis on file... 1466653819.09 0.0676739215851
('cmd >>>', 'cd mis/ && python MIS.py -output=../mis.out ../umc_dimacs4_4_10_4_5_4_0.txt')
('cmd >>>', 'python3 run_cmd_py3.py temp_cmd_file.txt temp_status.txt 2400')
mis success
('cmd >>>', 'cat umc_dimacs4_4_10_4_5_4_0.txt >> mis.out && mv mis.out umc_dimacs4_4_10_4_5_4_0.txt.ind')
running approxMC on file... 1466653820.0 0.907465219498
('cmd >>>', './scalmc umc_dimacs4_4_10_4_5_4_0.txt.ind > umc_dimacs4_4_10_4_5_4_0.txt.ind.sol.approx')
('cmd >>>', 'python3 run_cmd_py3.py temp_cmd_file.txt temp_status.txt 2400')
approxMC success
reading approxMC's output...
60 x 2^2

running approxMC on file... 1466653820.25 0.250285863876
('cmd >>>', './scalmc umc_dimacs4_4_10_4_5_4_0.txt > umc_dimacs4_4_10_4_5_4_0.txt.sol.approx')
('cmd >>>', 'python3 run_cmd_py3.py temp_cmd_file.txt temp_status.txt 2400')
approxMC success
reading approxMC's output...
60 x 2^2

numSols_sharpSAT 229
numSols_approxMC 240
numSols_approxMC_mis 240
sharpSAT_time 0.013961
approxMC_time 0.951462984085
mis_time 0.901731967926
approxMC_mis_time 0.25020813942
mis+approxMC time 1.15194010735

lb=1.55649282059e-07, ub=1.55649282059e-07
p2=1.71282179383e-07
(0.9040887991155865, 0.9986786365895222)

----------k,fail_at = 5,1------------
Adding immediatefailureConstraints... 1466653821.2
z3 to cnf... 1466653821.2 0.954003095627
cnf to dimacs... 1466653821.22 0.0172119140625
saving dimacs to file... 1466653822.07 0.844372987747

num_vars = 580
num_clauses = 1858


running sharpSAT on file... 1466653822.11 0.0445981025696
('cmd >>>', './sharpSAT umc_dimacs4_4_10_4_5_4_1.txt > umc_dimacs4_4_10_4_5_4_1.txt.sol')
('cmd >>>', 'python3 run_cmd_py3.py temp_cmd_file.txt temp_status.txt 2400')
sharpSAT success
reading SharpSat's output...

running mis on file... 1466653822.15 0.0387849807739
('cmd >>>', 'cd mis/ && python MIS.py -output=../mis.out ../umc_dimacs4_4_10_4_5_4_1.txt')
('cmd >>>', 'python3 run_cmd_py3.py temp_cmd_file.txt temp_status.txt 2400')
mis success
('cmd >>>', 'cat umc_dimacs4_4_10_4_5_4_1.txt >> mis.out && mv mis.out umc_dimacs4_4_10_4_5_4_1.txt.ind')
running approxMC on file... 1466653822.22 0.0729088783264
('cmd >>>', './scalmc umc_dimacs4_4_10_4_5_4_1.txt.ind > umc_dimacs4_4_10_4_5_4_1.txt.ind.sol.approx')
('cmd >>>', 'python3 run_cmd_py3.py temp_cmd_file.txt temp_status.txt 2400')
approxMC success
reading approxMC's output...

running approxMC on file... 1466653822.27 0.0426709651947
('cmd >>>', './scalmc umc_dimacs4_4_10_4_5_4_1.txt > umc_dimacs4_4_10_4_5_4_1.txt.sol.approx')
('cmd >>>', 'python3 run_cmd_py3.py temp_cmd_file.txt temp_status.txt 2400')
approxMC success
reading approxMC's output...

numSols_sharpSAT 0
numSols_approxMC 0
numSols_approxMC_mis 0
sharpSAT_time 0.001048
approxMC_time 0.0429887771606
mis_time 0.0674030780792
approxMC_mis_time 0.0426211357117
mis+approxMC time 0.110024213791

lb=0.0, ub=0.0
p2=1.58312445492e-07
(0.904088957428032, 0.9986786365895222)

----------k,fail_at = 5,2------------
Adding immediatefailureConstraints... 1466653822.31
z3 to cnf... 1466653822.31 0.0458340644836
cnf to dimacs... 1466653822.33 0.0174150466919
saving dimacs to file... 1466653823.17 0.845427036285

num_vars = 580
num
 580 
./togmus ../umc_dimacs4_4_10_4_5_4_2.txt ../mis.out.gcnf false 0

 580 
./togmus ../umc_dimacs4_4_10_4_5_4_3.txt ../mis.out.gcnf false 0
_clauses = 1858


running sharpSAT on file... 1466653823.18 0.00162291526794
('cmd >>>', './sharpSAT umc_dimacs4_4_10_4_5_4_2.txt > umc_dimacs4_4_10_4_5_4_2.txt.sol')
('cmd >>>', 'python3 run_cmd_py3.py temp_cmd_file.txt temp_status.txt 2400')
sharpSAT success
reading SharpSat's output...

running mis on file... 1466653823.21 0.038202047348
('cmd >>>', 'cd mis/ && python MIS.py -output=../mis.out ../umc_dimacs4_4_10_4_5_4_2.txt')
('cmd >>>', 'python3 run_cmd_py3.py temp_cmd_file.txt temp_status.txt 2400')
mis success
('cmd >>>', 'cat umc_dimacs4_4_10_4_5_4_2.txt >> mis.out && mv mis.out umc_dimacs4_4_10_4_5_4_2.txt.ind')
running approxMC on file... 1466653823.29 0.072695016861
('cmd >>>', './scalmc umc_dimacs4_4_10_4_5_4_2.txt.ind > umc_dimacs4_4_10_4_5_4_2.txt.ind.sol.approx')
('cmd >>>', 'python3 run_cmd_py3.py temp_cmd_file.txt temp_status.txt 2400')
approxMC success
reading approxMC's output...

running approxMC on file... 1466653823.33 0.042464017868
('cmd >>>', './scalmc umc_dimacs4_4_10_4_5_4_2.txt > umc_dimacs4_4_10_4_5_4_2.txt.sol.approx')
('cmd >>>', 'python3 run_cmd_py3.py temp_cmd_file.txt temp_status.txt 2400')
approxMC success
reading approxMC's output...

numSols_sharpSAT 0
numSols_approxMC 0
numSols_approxMC_mis 0
sharpSAT_time 0.00099
approxMC_time 0.0430819988251
mis_time 0.0669181346893
approxMC_mis_time 0.0424120426178
mis+approxMC time 0.109330177307

lb=0.0, ub=0.0
p2=1.46324798575e-07
(0.9040891037528306, 0.9986786365895222)

----------k,fail_at = 5,3------------
Adding immediatefailureConstraints... 1466653823.37
z3 to cnf... 1466653823.37 0.0458438396454
cnf to dimacs... 1466653823.39 0.0174260139465
saving dimacs to file... 1466653824.24 0.851722002029

num_vars = 580
num_clauses = 1858


running sharpSAT on file... 1466653824.25 0.00181603431702
('cmd >>>', './sharpSAT umc_dimacs4_4_10_4_5_4_3.txt > umc_dimacs4_4_10_4_5_4_3.txt.sol')
('cmd >>>', 'python3 run_cmd_py3.py temp_cmd_file.txt temp_status.txt 2400')
sharpSAT success
reading SharpSat's output...

running mis on file... 1466653824.28 0.0389809608459
('cmd >>>', 'cd mis/ && python MIS.py -output=../mis.out ../umc_dimacs4_4_10_4_5_4_3.txt')
('cmd >>>', 'python3 run_cmd_py3.py temp_cmd_file.txt temp_status.txt 2400')
mis success
('cmd >>>', 'cat umc_dimacs4_4_10_4_5_4_3.txt >> mis.out && mv mis.out umc_dimacs4_4_10_4_5_4_3.txt.ind')
running approxMC on file... 1466653824.36 0.0726571083069
('cmd >>>', './scalmc umc_dimacs4_4_10_4_5_4_3.txt.ind > umc_dimacs4_4_10_4_5_4_3.txt.ind.sol.approx')
('cmd >>>', 'python3 run_cmd_py3.py temp_cmd_file.txt temp_status.txt 2400')
approxMC success
reading approxMC's output...

running approxMC on file... 1466653824.4 0.0437009334564
('cmd >>>', './scalmc umc_dimacs4_4_10_4_5_4_3.txt > umc_dimacs4_4_10_4_5_4_3.txt.sol.approx')
('cmd >>>', 'python3 run_cmd_py3.py temp_cmd_file.txt temp_status.txt 2400')
approxMC success
reading approxMC's output...

numSols_sharpSAT 0
numSols_approxMC 0
numSols_approxMC_mis 0
sharpSAT_time 0.001515
approxMC_time 0.0435030460358
mis_time 0.0671129226685
approxMC_mis_time 0.0436480045319
mis+approxMC time 0.1107609272

lb=0.0, ub=0.0
p2=1.35244873588e-07
(0.9040892389977042, 0.9986786365895222)
Time taken = 6.29474306107
Probability lies in (0.904089238998,0.99867863659)
Uncertainity = 0.0945893975918
Do you want to continue with k=6
----------------------k_crashes = 6 -----------------------
Adding k_maxSimulationConstraints... 1466653824.44

----------k,fail_at = 6,0------------
Adding immediatefailureConstraints... 1466653824.47
z3 to cnf... 1466653824.47 0.0691649913788
cnf to dimacs... 1466653824.49 0.0179719924927
saving dimacs to file... 1466653825.33 0.839477062225

num_vars = 570
num_clauses = 1828


running sharpSAT on file... 1466653825.33 0.00160098075867
('cmd >>>', './sharpSAT umc_dimacs4_4_10_4_6_4_0.txt > umc_dimacs4_4_10_4_6_4_0.txt.sol')
('cmd >>>', 'python3 run_cmd_py3.py temp_cmd_file.txt temp_status.txt 2400')
sharpSAT success
reading SharpSat's output...

running mis on file... 1466653825.38 0.0513439178467
('cmd >>>', 'cd mis/ && python MIS.py -output=
 570 
./togmus ../umc_dimacs4_4_10_4_6_4_0.txt ../mis.out.gcnf false 0

 580 
./togmus ../umc_dimacs4_4_10_4_6_4_1.txt ../mis.out.gcnf false 0

 580 
./togmus ../umc_dimacs4_4_10_4_6_4_2.txt ../mis.out.gcnf false 0
../mis.out ../umc_dimacs4_4_10_4_6_4_0.txt')
('cmd >>>', 'python3 run_cmd_py3.py temp_cmd_file.txt temp_status.txt 2400')
mis success
('cmd >>>', 'cat umc_dimacs4_4_10_4_6_4_0.txt >> mis.out && mv mis.out umc_dimacs4_4_10_4_6_4_0.txt.ind')
running approxMC on file... 1466653826.34 0.958609104156
('cmd >>>', './scalmc umc_dimacs4_4_10_4_6_4_0.txt.ind > umc_dimacs4_4_10_4_6_4_0.txt.ind.sol.approx')
('cmd >>>', 'python3 run_cmd_py3.py temp_cmd_file.txt temp_status.txt 2400')
approxMC success
reading approxMC's output...
50 x 2^2

running approxMC on file... 1466653826.59 0.249637126923
('cmd >>>', './scalmc umc_dimacs4_4_10_4_6_4_0.txt > umc_dimacs4_4_10_4_6_4_0.txt.sol.approx')
('cmd >>>', 'python3 run_cmd_py3.py temp_cmd_file.txt temp_status.txt 2400')
approxMC success
reading approxMC's output...
51 x 2^2

numSols_sharpSAT 207
numSols_approxMC 204
numSols_approxMC_mis 200
sharpSAT_time 0.01221
approxMC_time 0.950649023056
mis_time 0.951917886734
approxMC_mis_time 0.249559879303
mis+approxMC time 1.20147776604

lb=2.34131425365e-09, ub=2.34131425365e-09
p2=2.37524634428e-09
(0.9040892390316363, 0.9986786342482079)

----------k,fail_at = 6,1------------
Adding immediatefailureConstraints... 1466653827.54
z3 to cnf... 1466653827.54 0.953364849091
cnf to dimacs... 1466653827.56 0.0174889564514
saving dimacs to file... 1466653828.41 0.845618963242

num_vars = 580
num_clauses = 1858


running sharpSAT on file... 1466653828.41 0.00168323516846
('cmd >>>', './sharpSAT umc_dimacs4_4_10_4_6_4_1.txt > umc_dimacs4_4_10_4_6_4_1.txt.sol')
('cmd >>>', 'python3 run_cmd_py3.py temp_cmd_file.txt temp_status.txt 2400')
sharpSAT success
reading SharpSat's output...

running mis on file... 1466653828.45 0.0380017757416
('cmd >>>', 'cd mis/ && python MIS.py -output=../mis.out ../umc_dimacs4_4_10_4_6_4_1.txt')
('cmd >>>', 'python3 run_cmd_py3.py temp_cmd_file.txt temp_status.txt 2400')
mis success
('cmd >>>', 'cat umc_dimacs4_4_10_4_6_4_1.txt >> mis.out && mv mis.out umc_dimacs4_4_10_4_6_4_1.txt.ind')
running approxMC on file... 1466653828.52 0.0709161758423
('cmd >>>', './scalmc umc_dimacs4_4_10_4_6_4_1.txt.ind > umc_dimacs4_4_10_4_6_4_1.txt.ind.sol.approx')
('cmd >>>', 'python3 run_cmd_py3.py temp_cmd_file.txt temp_status.txt 2400')
approxMC success
reading approxMC's output...

running approxMC on file... 1466653828.56 0.0412139892578
('cmd >>>', './scalmc umc_dimacs4_4_10_4_6_4_1.txt > umc_dimacs4_4_10_4_6_4_1.txt.sol.approx')
('cmd >>>', 'python3 run_cmd_py3.py temp_cmd_file.txt temp_status.txt 2400')
approxMC success
reading approxMC's output...

numSols_sharpSAT 0
numSols_approxMC 0
numSols_approxMC_mis 0
sharpSAT_time 0.00098
approxMC_time 0.0424978733063
mis_time 0.06582903862
approxMC_mis_time 0.0411648750305
mis+approxMC time 0.106993913651

lb=0.0, ub=0.0
p2=2.16108630489e-09
(0.9040892411927226, 0.9986786342482079)

----------k,fail_at = 6,2------------
Adding immediatefailureConstraints... 1466653828.6
z3 to cnf... 1466653828.6 0.0453498363495
cnf to dimacs... 1466653828.62 0.0168831348419
saving dimacs to file... 1466653829.45 0.834497928619

num_vars = 580
num_clauses = 1858


running sharpSAT on file... 1466653829.46 0.0018150806427
('cmd >>>', './sharpSAT umc_dimacs4_4_10_4_6_4_2.txt > umc_dimacs4_4_10_4_6_4_2.txt.sol')
('cmd >>>', 'python3 run_cmd_py3.py temp_cmd_file.txt temp_status.txt 2400')
sharpSAT success
reading SharpSat's output...

running mis on file... 1466653829.49 0.0387859344482
('cmd >>>', 'cd mis/ && python MIS.py -output=../mis.out ../umc_dimacs4_4_10_4_6_4_2.txt')
('cmd >>>', 'python3 run_cmd_py3.py temp_cmd_file.txt temp_status.txt 2400')
mis success
('cmd >>>', 'cat umc_dimacs4_4_10_4_6_4_2.txt >> mis.out && mv mis.out umc_dimacs4_4_10_4_6_4_2.txt.ind')
running approxMC on file... 1466653829.57 0.0723879337311
('cmd >>>', './scalmc umc_dimacs4_4_10_4_6_4_2.txt.ind > umc_dimacs4_4_10_4_6_4_2.txt.ind.sol.approx')
('cmd >>>', 'python3 run_cmd_py3.py temp_cmd_file.txt temp_status.txt 2400')
approxMC success
reading approxMC's output...

running approxMC on file... 1466653829.61 0.0414061546326
('cmd >>>', './
 580 
./togmus ../umc_dimacs4_4_10_4_6_4_3.txt ../mis.out.gcnf false 0

 607 
./togmus ../umc_dimacs4_4_10_4_7_4_0.txt ../mis.out.gcnf false 0
scalmc umc_dimacs4_4_10_4_6_4_2.txt > umc_dimacs4_4_10_4_6_4_2.txt.sol.approx')
('cmd >>>', 'python3 run_cmd_py3.py temp_cmd_file.txt temp_status.txt 2400')
approxMC success
reading approxMC's output...

numSols_sharpSAT 0
numSols_approxMC 0
numSols_approxMC_mis 0
sharpSAT_time 0.00113
approxMC_time 0.0442509651184
mis_time 0.0672731399536
approxMC_mis_time 0.0413529872894
mis+approxMC time 0.108626127243

lb=0.0, ub=0.0
p2=1.96623564054e-09
(0.9040892431589582, 0.9986786342482079)

----------k,fail_at = 6,3------------
Adding immediatefailureConstraints... 1466653829.65
z3 to cnf... 1466653829.66 0.0472419261932
cnf to dimacs... 1466653829.67 0.0178439617157
saving dimacs to file... 1466653830.51 0.831660985947

num_vars = 580
num_clauses = 1858


running sharpSAT on file... 1466653830.51 0.00152397155762
('cmd >>>', './sharpSAT umc_dimacs4_4_10_4_6_4_3.txt > umc_dimacs4_4_10_4_6_4_3.txt.sol')
('cmd >>>', 'python3 run_cmd_py3.py temp_cmd_file.txt temp_status.txt 2400')
sharpSAT success
reading SharpSat's output...

running mis on file... 1466653830.54 0.037584066391
('cmd >>>', 'cd mis/ && python MIS.py -output=../mis.out ../umc_dimacs4_4_10_4_6_4_3.txt')
('cmd >>>', 'python3 run_cmd_py3.py temp_cmd_file.txt temp_status.txt 2400')
mis success
('cmd >>>', 'cat umc_dimacs4_4_10_4_6_4_3.txt >> mis.out && mv mis.out umc_dimacs4_4_10_4_6_4_3.txt.ind')
running approxMC on file... 1466653830.62 0.07169008255
('cmd >>>', './scalmc umc_dimacs4_4_10_4_6_4_3.txt.ind > umc_dimacs4_4_10_4_6_4_3.txt.ind.sol.approx')
('cmd >>>', 'python3 run_cmd_py3.py temp_cmd_file.txt temp_status.txt 2400')
approxMC success
reading approxMC's output...

running approxMC on file... 1466653830.66 0.0418679714203
('cmd >>>', './scalmc umc_dimacs4_4_10_4_6_4_3.txt > umc_dimacs4_4_10_4_6_4_3.txt.sol.approx')
('cmd >>>', 'python3 run_cmd_py3.py temp_cmd_file.txt temp_status.txt 2400')
approxMC success
reading approxMC's output...

numSols_sharpSAT 0
numSols_approxMC 0
numSols_approxMC_mis 0
sharpSAT_time 0.001066
approxMC_time 0.0419418811798
mis_time 0.0664129257202
approxMC_mis_time 0.041818857193
mis+approxMC time 0.108231782913

lb=0.0, ub=0.0
p2=1.78895335433e-09
(0.9040892449479115, 0.9986786342482079)
Time taken = 6.25488781929
Probability lies in (0.904089244948,0.998678634248)
Uncertainity = 0.0945893893003
Do you want to continue with k=7
----------------------k_crashes = 7 -----------------------
Adding k_maxSimulationConstraints... 1466653830.7

----------k,fail_at = 7,0------------
Adding immediatefailureConstraints... 1466653830.73
z3 to cnf... 1466653830.73 0.070662021637
cnf to dimacs... 1466653830.75 0.0170600414276
saving dimacs to file... 1466653831.66 0.909961938858

num_vars = 607
num_clauses = 2002


running sharpSAT on file... 1466653831.66 0.00179505348206
('cmd >>>', './sharpSAT umc_dimacs4_4_10_4_7_4_0.txt > umc_dimacs4_4_10_4_7_4_0.txt.sol')
('cmd >>>', 'python3 run_cmd_py3.py temp_cmd_file.txt temp_status.txt 2400')
sharpSAT success
reading SharpSat's output...

running mis on file... 1466653831.71 0.0505378246307
('cmd >>>', 'cd mis/ && python MIS.py -output=../mis.out ../umc_dimacs4_4_10_4_7_4_0.txt')
('cmd >>>', 'python3 run_cmd_py3.py temp_cmd_file.txt temp_status.txt 2400')
mis success
('cmd >>>', 'cat umc_dimacs4_4_10_4_7_4_0.txt >> mis.out && mv mis.out umc_dimacs4_4_10_4_7_4_0.txt.ind')
running approxMC on file... 1466653832.87 1.15788412094
('cmd >>>', './scalmc umc_dimacs4_4_10_4_7_4_0.txt.ind > umc_dimacs4_4_10_4_7_4_0.txt.ind.sol.approx')
('cmd >>>', 'python3 run_cmd_py3.py temp_cmd_file.txt temp_status.txt 2400')
approxMC success
reading approxMC's output...
64 x 2^1

running approxMC on file... 1466653833.06 0.197778940201
('cmd >>>', './scalmc umc_dimacs4_4_10_4_7_4_0.txt > umc_dimacs4_4_10_4_7_4_0.txt.sol.approx')
('cmd >>>', 'python3 run_cmd_py3.py temp_cmd_file.txt temp_status.txt 2400')
approxMC success
reading approxMC's output...
60 x 2^1

numSols_sharpSAT 120
numSols_approxMC 120
numSols_approxMC_mis 128
sharpSAT_time 0.011702
approxMC_time 0.899896144867
mis_time 1.15180706978
approxMC_mis_time 0.19770193
 617 
./togmus ../umc_dimacs4_4_10_4_7_4_1.txt ../mis.out.gcnf false 0

 617 
./togmus ../umc_dimacs4_4_10_4_7_4_2.txt ../mis.out.gcnf false 0
1
mis+approxMC time 1.34950900078

lb=2.25864685802e-11, ub=2.25864685802e-11
p2=2.25864685802e-11
(0.9040892449479115, 0.9986786342256214)

----------k,fail_at = 7,1------------
Adding immediatefailureConstraints... 1466653833.96
z3 to cnf... 1466653833.97 0.90290594101
cnf to dimacs... 1466653833.98 0.0172510147095
saving dimacs to file... 1466653834.9 0.912779092789

num_vars = 617
num_clauses = 2032


running sharpSAT on file... 1466653834.9 0.00171804428101
('cmd >>>', './sharpSAT umc_dimacs4_4_10_4_7_4_1.txt > umc_dimacs4_4_10_4_7_4_1.txt.sol')
('cmd >>>', 'python3 run_cmd_py3.py temp_cmd_file.txt temp_status.txt 2400')
sharpSAT success
reading SharpSat's output...

running mis on file... 1466653834.94 0.0382280349731
('cmd >>>', 'cd mis/ && python MIS.py -output=../mis.out ../umc_dimacs4_4_10_4_7_4_1.txt')
('cmd >>>', 'python3 run_cmd_py3.py temp_cmd_file.txt temp_status.txt 2400')
mis success
('cmd >>>', 'cat umc_dimacs4_4_10_4_7_4_1.txt >> mis.out && mv mis.out umc_dimacs4_4_10_4_7_4_1.txt.ind')
running approxMC on file... 1466653835.01 0.0716710090637
('cmd >>>', './scalmc umc_dimacs4_4_10_4_7_4_1.txt.ind > umc_dimacs4_4_10_4_7_4_1.txt.ind.sol.approx')
('cmd >>>', 'python3 run_cmd_py3.py temp_cmd_file.txt temp_status.txt 2400')
approxMC success
reading approxMC's output...

running approxMC on file... 1466653835.06 0.049920797348
('cmd >>>', './scalmc umc_dimacs4_4_10_4_7_4_1.txt > umc_dimacs4_4_10_4_7_4_1.txt.sol.approx')
('cmd >>>', 'python3 run_cmd_py3.py temp_cmd_file.txt temp_status.txt 2400')
approxMC success
reading approxMC's output...

numSols_sharpSAT 0
numSols_approxMC 0
numSols_approxMC_mis 0
sharpSAT_time 0.001123
approxMC_time 0.0513889789581
mis_time 0.0662829875946
approxMC_mis_time 0.0498712062836
mis+approxMC time 0.116154193878

lb=0.0, ub=0.0
p2=2.02289044056e-11
(0.9040892449681405, 0.9986786342256214)

----------k,fail_at = 7,2------------
Adding immediatefailureConstraints... 1466653835.11
z3 to cnf... 1466653835.11 0.0542950630188
cnf to dimacs... 1466653835.13 0.0176169872284
saving dimacs to file... 1466653836.05 0.917780160904

num_vars = 617
num_clauses = 2032


running sharpSAT on file... 1466653836.05 0.00174593925476
('cmd >>>', './sharpSAT umc_dimacs4_4_10_4_7_4_2.txt > umc_dimacs4_4_10_4_7_4_2.txt.sol')
('cmd >>>', 'python3 run_cmd_py3.py temp_cmd_file.txt temp_status.txt 2400')
sharpSAT success
reading SharpSat's output...

running mis on file... 1466653836.09 0.0377750396729
('cmd >>>', 'cd mis/ && python MIS.py -output=../mis.out ../umc_dimacs4_4_10_4_7_4_2.txt')
('cmd >>>', 'python3 run_cmd_py3.py temp_cmd_file.txt temp_status.txt 2400')
mis success
('cmd >>>', 'cat umc_dimacs4_4_10_4_7_4_2.txt >> mis.out && mv mis.out umc_dimacs4_4_10_4_7_4_2.txt.ind')
running approxMC on file... 1466653836.16 0.0718379020691
('cmd >>>', './scalmc umc_dimacs4_4_10_4_7_4_2.txt.ind > umc_dimacs4_4_10_4_7_4_2.txt.ind.sol.approx')
('cmd >>>', 'python3 run_cmd_py3.py temp_cmd_file.txt temp_status.txt 2400')
approxMC success
reading approxMC's output...

running approxMC on file... 1466653836.21 0.0506279468536
('cmd >>>', './scalmc umc_dimacs4_4_10_4_7_4_2.txt > umc_dimacs4_4_10_4_7_4_2.txt.sol.approx')
('cmd >>>', 'python3 run_cmd_py3.py temp_cmd_file.txt temp_status.txt 2400')
approxMC success
reading approxMC's output...

numSols_sharpSAT 0
numSols_approxMC 0
numSols_approxMC_mis 0
sharpSAT_time 0.001191
approxMC_time 0.0503768920898
mis_time 0.0662980079651
approxMC_mis_time 0.0505700111389
mis+approxMC time 0.116868019104

lb=0.0, ub=0.0
p2=1.8117421588e-11
(0.9040892449862579, 0.9986786342256214)

----------k,fail_at = 7,3------------
Adding immediatefailureConstraints... 1466653836.26
z3 to cnf... 1466653836.26 0.0529410839081
cnf to dimacs... 1466653836.28 0.0171799659729
saving dimacs to file... 1466653837.2 0.915314912796

num_vars = 617
num_clauses = 2032


running sharpSAT on file... 1466653837.2 0.0017421245575
('cmd >>>', './sharpSAT umc_dimacs4_4_10_4_7_4_3.txt > umc_dimacs4_4_10_4_7_4_3.txt.sol')
('cmd >>>', 'python3 run_cmd_py3.py temp_cmd_file.txt temp_status.txt 2400')
sharpSA
 617 
./togmus ../umc_dimacs4_4_10_4_7_4_3.txt ../mis.out.gcnf false 0

 607 
./togmus ../umc_dimacs4_4_10_4_8_4_0.txt ../mis.out.gcnf false 0

 617 
./togmus ../umc_dimacs4_4_10_4_8_4_1.txt ../mis.out.gcnf false 0
T success
reading SharpSat's output...

running mis on file... 1466653837.24 0.0384430885315
('cmd >>>', 'cd mis/ && python MIS.py -output=../mis.out ../umc_dimacs4_4_10_4_7_4_3.txt')
('cmd >>>', 'python3 run_cmd_py3.py temp_cmd_file.txt temp_status.txt 2400')
mis success
('cmd >>>', 'cat umc_dimacs4_4_10_4_7_4_3.txt >> mis.out && mv mis.out umc_dimacs4_4_10_4_7_4_3.txt.ind')
running approxMC on file... 1466653837.31 0.0719468593597
('cmd >>>', './scalmc umc_dimacs4_4_10_4_7_4_3.txt.ind > umc_dimacs4_4_10_4_7_4_3.txt.ind.sol.approx')
('cmd >>>', 'python3 run_cmd_py3.py temp_cmd_file.txt temp_status.txt 2400')
approxMC success
reading approxMC's output...

running approxMC on file... 1466653837.36 0.0511329174042
('cmd >>>', './scalmc umc_dimacs4_4_10_4_7_4_3.txt > umc_dimacs4_4_10_4_7_4_3.txt.sol.approx')
('cmd >>>', 'python3 run_cmd_py3.py temp_cmd_file.txt temp_status.txt 2400')
approxMC success
reading approxMC's output...

numSols_sharpSAT 0
numSols_approxMC 0
numSols_approxMC_mis 0
sharpSAT_time 0.001077
approxMC_time 0.0507340431213
mis_time 0.0664088726044
approxMC_mis_time 0.0510828495026
mis+approxMC time 0.117491722107

lb=0.0, ub=0.0
p2=1.62263342797e-11
(0.9040892450024842, 0.9986786342256214)
Time taken = 6.7091550827
Probability lies in (0.904089245002,0.998678634226)
Uncertainity = 0.0945893892231
Do you want to continue with k=8
----------------------k_crashes = 8 -----------------------
Adding k_maxSimulationConstraints... 1466653837.41

----------k,fail_at = 8,0------------
Adding immediatefailureConstraints... 1466653837.44
z3 to cnf... 1466653837.44 0.0799701213837
cnf to dimacs... 1466653837.46 0.0171720981598
saving dimacs to file... 1466653838.36 0.906315803528

num_vars = 607
num_clauses = 2002


running sharpSAT on file... 1466653838.36 0.00175714492798
('cmd >>>', './sharpSAT umc_dimacs4_4_10_4_8_4_0.txt > umc_dimacs4_4_10_4_8_4_0.txt.sol')
('cmd >>>', 'python3 run_cmd_py3.py temp_cmd_file.txt temp_status.txt 2400')
sharpSAT success
reading SharpSat's output...

running mis on file... 1466653838.41 0.0496258735657
('cmd >>>', 'cd mis/ && python MIS.py -output=../mis.out ../umc_dimacs4_4_10_4_8_4_0.txt')
('cmd >>>', 'python3 run_cmd_py3.py temp_cmd_file.txt temp_status.txt 2400')
mis success
('cmd >>>', 'cat umc_dimacs4_4_10_4_8_4_0.txt >> mis.out && mv mis.out umc_dimacs4_4_10_4_8_4_0.txt.ind')
running approxMC on file... 1466653839.07 0.654350996017
('cmd >>>', './scalmc umc_dimacs4_4_10_4_8_4_0.txt.ind > umc_dimacs4_4_10_4_8_4_0.txt.ind.sol.approx')
('cmd >>>', 'python3 run_cmd_py3.py temp_cmd_file.txt temp_status.txt 2400')
approxMC success
reading approxMC's output...
45 x 2^0

running approxMC on file... 1466653839.12 0.0508320331573
('cmd >>>', './scalmc umc_dimacs4_4_10_4_8_4_0.txt > umc_dimacs4_4_10_4_8_4_0.txt.sol.approx')
('cmd >>>', 'python3 run_cmd_py3.py temp_cmd_file.txt temp_status.txt 2400')
approxMC success
reading approxMC's output...
45 x 2^0

numSols_sharpSAT 45
numSols_approxMC 45
numSols_approxMC_mis 45
sharpSAT_time 0.006587
approxMC_time 0.0501699447632
mis_time 0.648818016052
approxMC_mis_time 0.0507678985596
mis+approxMC time 0.699585914612

lb=1.4094748329e-13, ub=1.4094748329e-13
p2=1.4094748329e-13
(0.9040892450024842, 0.9986786342254804)

----------k,fail_at = 8,1------------
Adding immediatefailureConstraints... 1466653839.17
z3 to cnf... 1466653839.17 0.052775144577
cnf to dimacs... 1466653839.19 0.0170879364014
saving dimacs to file... 1466653840.11 0.91800904274

num_vars = 617
num_clauses = 2032


running sharpSAT on file... 1466653840.11 0.00171589851379
('cmd >>>', './sharpSAT umc_dimacs4_4_10_4_8_4_1.txt > umc_dimacs4_4_10_4_8_4_1.txt.sol')
('cmd >>>', 'python3 run_cmd_py3.py temp_cmd_file.txt temp_status.txt 2400')
sharpSAT success
reading SharpSat's output...

running mis on file... 1466653840.15 0.0374999046326
('cmd >>>', 'cd mis/ && python MIS.py -output=../mis.out ../umc_dimacs4_4_10_4_8_4_1.txt')
('cmd >>>', 'python3 run_cmd_py3.py temp_cmd_file.txt temp_status.txt 2400')
mis success
('cmd >>>', 'cat umc_dimacs4_4_10_4_8_4_1.txt >> mis.out && mv mis.o
 617 
./togmus ../umc_dimacs4_4_10_4_8_4_2.txt ../mis.out.gcnf false 0

 617 
./togmus ../umc_dimacs4_4_10_4_8_4_3.txt ../mis.out.gcnf false 0
ut umc_dimacs4_4_10_4_8_4_1.txt.ind')
running approxMC on file... 1466653840.22 0.0714600086212
('cmd >>>', './scalmc umc_dimacs4_4_10_4_8_4_1.txt.ind > umc_dimacs4_4_10_4_8_4_1.txt.ind.sol.approx')
('cmd >>>', 'python3 run_cmd_py3.py temp_cmd_file.txt temp_status.txt 2400')
approxMC success
reading approxMC's output...

running approxMC on file... 1466653840.27 0.0509819984436
('cmd >>>', './scalmc umc_dimacs4_4_10_4_8_4_1.txt > umc_dimacs4_4_10_4_8_4_1.txt.sol.approx')
('cmd >>>', 'python3 run_cmd_py3.py temp_cmd_file.txt temp_status.txt 2400')
approxMC success
reading approxMC's output...

numSols_sharpSAT 0
numSols_approxMC 0
numSols_approxMC_mis 0
sharpSAT_time 0.001176
approxMC_time 0.0504310131073
mis_time 0.0658731460571
approxMC_mis_time 0.0509309768677
mis+approxMC time 0.116804122925

lb=0.0, ub=0.0
p2=1.24263027219e-13
(0.9040892450026085, 0.9986786342254804)

----------k,fail_at = 8,2------------
Adding immediatefailureConstraints... 1466653840.32
z3 to cnf... 1466653840.32 0.0530300140381
cnf to dimacs... 1466653840.34 0.0174510478973
saving dimacs to file... 1466653841.26 0.920191049576

num_vars = 617
num_clauses = 2032


running sharpSAT on file... 1466653841.26 0.00174999237061
('cmd >>>', './sharpSAT umc_dimacs4_4_10_4_8_4_2.txt > umc_dimacs4_4_10_4_8_4_2.txt.sol')
('cmd >>>', 'python3 run_cmd_py3.py temp_cmd_file.txt temp_status.txt 2400')
sharpSAT success
reading SharpSat's output...

running mis on file... 1466653841.3 0.0380189418793
('cmd >>>', 'cd mis/ && python MIS.py -output=../mis.out ../umc_dimacs4_4_10_4_8_4_2.txt')
('cmd >>>', 'python3 run_cmd_py3.py temp_cmd_file.txt temp_status.txt 2400')
mis success
('cmd >>>', 'cat umc_dimacs4_4_10_4_8_4_2.txt >> mis.out && mv mis.out umc_dimacs4_4_10_4_8_4_2.txt.ind')
running approxMC on file... 1466653841.37 0.0720109939575
('cmd >>>', './scalmc umc_dimacs4_4_10_4_8_4_2.txt.ind > umc_dimacs4_4_10_4_8_4_2.txt.ind.sol.approx')
('cmd >>>', 'python3 run_cmd_py3.py temp_cmd_file.txt temp_status.txt 2400')
approxMC success
reading approxMC's output...

running approxMC on file... 1466653841.42 0.050106048584
('cmd >>>', './scalmc umc_dimacs4_4_10_4_8_4_2.txt > umc_dimacs4_4_10_4_8_4_2.txt.sol.approx')
('cmd >>>', 'python3 run_cmd_py3.py temp_cmd_file.txt temp_status.txt 2400')
approxMC success
reading approxMC's output...

numSols_sharpSAT 0
numSols_approxMC 0
numSols_approxMC_mis 0
sharpSAT_time 0.001182
approxMC_time 0.0505740642548
mis_time 0.0666131973267
approxMC_mis_time 0.0500559806824
mis+approxMC time 0.116669178009

lb=0.0, ub=0.0
p2=1.09553569693e-13
(0.904089245002718, 0.9986786342254804)

----------k,fail_at = 8,3------------
Adding immediatefailureConstraints... 1466653841.47
z3 to cnf... 1466653841.47 0.0532670021057
cnf to dimacs... 1466653841.49 0.0175569057465
saving dimacs to file... 1466653842.41 0.920188188553

num_vars = 617
num_clauses = 2032


running sharpSAT on file... 1466653842.41 0.00175786018372
('cmd >>>', './sharpSAT umc_dimacs4_4_10_4_8_4_3.txt > umc_dimacs4_4_10_4_8_4_3.txt.sol')
('cmd >>>', 'python3 run_cmd_py3.py temp_cmd_file.txt temp_status.txt 2400')
sharpSAT success
reading SharpSat's output...

running mis on file... 1466653842.45 0.0381400585175
('cmd >>>', 'cd mis/ && python MIS.py -output=../mis.out ../umc_dimacs4_4_10_4_8_4_3.txt')
('cmd >>>', 'python3 run_cmd_py3.py temp_cmd_file.txt temp_status.txt 2400')
mis success
('cmd >>>', 'cat umc_dimacs4_4_10_4_8_4_3.txt >> mis.out && mv mis.out umc_dimacs4_4_10_4_8_4_3.txt.ind')
running approxMC on file... 1466653842.52 0.0715119838715
('cmd >>>', './scalmc umc_dimacs4_4_10_4_8_4_3.txt.ind > umc_dimacs4_4_10_4_8_4_3.txt.ind.sol.approx')
('cmd >>>', 'python3 run_cmd_py3.py temp_cmd_file.txt temp_status.txt 2400')
approxMC success
reading approxMC's output...

running approxMC on file... 1466653842.57 0.05038189888
('cmd >>>', './scalmc umc_dimacs4_4_10_4_8_4_3.txt > umc_dimacs4_4_10_4_8_4_3.txt.sol.approx')
('cmd >>>', 'python3 run_cmd_py3.py temp_cmd_file.txt temp_status.txt 2400')
approxMC success
reading approxMC's output...

numSols_sharpSAT 0
numSols_approxMC 0
num
 607 
./togmus ../umc_dimacs4_4_10_4_9_4_0.txt ../mis.out.gcnf false 0

 617 
./togmus ../umc_dimacs4_4_10_4_9_4_1.txt ../mis.out.gcnf false 0
Sols_approxMC_mis 0
sharpSAT_time 0.001121
approxMC_time 0.0418970584869
mis_time 0.0661730766296
approxMC_mis_time 0.0503301620483
mis+approxMC time 0.116503238678

lb=0.0, ub=0.0
p2=9.65853230933e-14
(0.9040892450028146, 0.9986786342254804)
Time taken = 5.20591592789
Probability lies in (0.904089245003,0.998678634225)
Uncertainity = 0.0945893892227
Do you want to continue with k=9
----------------------k_crashes = 9 -----------------------
Adding k_maxSimulationConstraints... 1466653842.62

----------k,fail_at = 9,0------------
Adding immediatefailureConstraints... 1466653842.64
z3 to cnf... 1466653842.64 0.0714440345764
cnf to dimacs... 1466653842.66 0.0175449848175
saving dimacs to file... 1466653843.57 0.912576198578

num_vars = 607
num_clauses = 2002


running sharpSAT on file... 1466653843.58 0.00174379348755
('cmd >>>', './sharpSAT umc_dimacs4_4_10_4_9_4_0.txt > umc_dimacs4_4_10_4_9_4_0.txt.sol')
('cmd >>>', 'python3 run_cmd_py3.py temp_cmd_file.txt temp_status.txt 2400')
sharpSAT success
reading SharpSat's output...

running mis on file... 1466653843.62 0.0415680408478
('cmd >>>', 'cd mis/ && python MIS.py -output=../mis.out ../umc_dimacs4_4_10_4_9_4_0.txt')
('cmd >>>', 'python3 run_cmd_py3.py temp_cmd_file.txt temp_status.txt 2400')
mis success
('cmd >>>', 'cat umc_dimacs4_4_10_4_9_4_0.txt >> mis.out && mv mis.out umc_dimacs4_4_10_4_9_4_0.txt.ind')
running approxMC on file... 1466653843.82 0.204092025757
('cmd >>>', './scalmc umc_dimacs4_4_10_4_9_4_0.txt.ind > umc_dimacs4_4_10_4_9_4_0.txt.ind.sol.approx')
('cmd >>>', 'python3 run_cmd_py3.py temp_cmd_file.txt temp_status.txt 2400')
approxMC success
reading approxMC's output...
10 x 2^0

running approxMC on file... 1466653843.87 0.0514709949493
('cmd >>>', './scalmc umc_dimacs4_4_10_4_9_4_0.txt > umc_dimacs4_4_10_4_9_4_0.txt.sol.approx')
('cmd >>>', 'python3 run_cmd_py3.py temp_cmd_file.txt temp_status.txt 2400')
approxMC success
reading approxMC's output...
10 x 2^0

numSols_sharpSAT 10
numSols_approxMC 10
numSols_approxMC_mis 10
sharpSAT_time 0.004981
approxMC_time 0.0496311187744
mis_time 0.198626995087
approxMC_mis_time 0.0514101982117
mis+approxMC time 0.250037193298

lb=5.2122175718e-16, ub=5.2122175718e-16
p2=5.2122175718e-16
(0.9040892450028146, 0.9986786342254799)

----------k,fail_at = 9,1------------
Adding immediatefailureConstraints... 1466653843.92
z3 to cnf... 1466653843.93 0.0521559715271
cnf to dimacs... 1466653843.94 0.0172309875488
saving dimacs to file... 1466653844.86 0.92048406601

num_vars = 617
num_clauses = 2032


running sharpSAT on file... 1466653844.88 0.0211720466614
('cmd >>>', './sharpSAT umc_dimacs4_4_10_4_9_4_1.txt > umc_dimacs4_4_10_4_9_4_1.txt.sol')
('cmd >>>', 'python3 run_cmd_py3.py temp_cmd_file.txt temp_status.txt 2400')
sharpSAT success
reading SharpSat's output...

running mis on file... 1466653844.92 0.0382330417633
('cmd >>>', 'cd mis/ && python MIS.py -output=../mis.out ../umc_dimacs4_4_10_4_9_4_1.txt')
('cmd >>>', 'python3 run_cmd_py3.py temp_cmd_file.txt temp_status.txt 2400')
mis success
('cmd >>>', 'cat umc_dimacs4_4_10_4_9_4_1.txt >> mis.out && mv mis.out umc_dimacs4_4_10_4_9_4_1.txt.ind')
running approxMC on file... 1466653844.99 0.0715780258179
('cmd >>>', './scalmc umc_dimacs4_4_10_4_9_4_1.txt.ind > umc_dimacs4_4_10_4_9_4_1.txt.ind.sol.approx')
('cmd >>>', 'python3 run_cmd_py3.py temp_cmd_file.txt temp_status.txt 2400')
approxMC success
reading approxMC's output...

running approxMC on file... 1466653845.04 0.049498796463
('cmd >>>', './scalmc umc_dimacs4_4_10_4_9_4_1.txt > umc_dimacs4_4_10_4_9_4_1.txt.sol.approx')
('cmd >>>', 'python3 run_cmd_py3.py temp_cmd_file.txt temp_status.txt 2400')
approxMC success
reading approxMC's output...

numSols_sharpSAT 0
numSols_approxMC 0
numSols_approxMC_mis 0
sharpSAT_time 0.001005
approxMC_time 0.041323184967
mis_time 0.0662989616394
approxMC_mis_time 0.0494480133057
mis+approxMC time 0.115746974945

lb=0.0, ub=0.0
p2=4.52342834648e-16
(0.9040892450028151, 0.9986786342254799)

----------k,fail_at = 9,2------------
Adding immediatefailureConstraints... 1466653845.09
z3 to cn
 617 
./togmus ../umc_dimacs4_4_10_4_9_4_2.txt ../mis.out.gcnf false 0

 617 
./togmus ../umc_dimacs4_4_10_4_9_4_3.txt ../mis.out.gcnf false 0
f... 1466653845.09 0.0439531803131
cnf to dimacs... 1466653845.11 0.017205953598
saving dimacs to file... 1466653846.02 0.919400930405

num_vars = 617
num_clauses = 2032


running sharpSAT on file... 1466653846.03 0.00178003311157
('cmd >>>', './sharpSAT umc_dimacs4_4_10_4_9_4_2.txt > umc_dimacs4_4_10_4_9_4_2.txt.sol')
('cmd >>>', 'python3 run_cmd_py3.py temp_cmd_file.txt temp_status.txt 2400')
sharpSAT success
reading SharpSat's output...

running mis on file... 1466653846.06 0.0378680229187
('cmd >>>', 'cd mis/ && python MIS.py -output=../mis.out ../umc_dimacs4_4_10_4_9_4_2.txt')
('cmd >>>', 'python3 run_cmd_py3.py temp_cmd_file.txt temp_status.txt 2400')
mis success
('cmd >>>', 'cat umc_dimacs4_4_10_4_9_4_2.txt >> mis.out && mv mis.out umc_dimacs4_4_10_4_9_4_2.txt.ind')
running approxMC on file... 1466653846.14 0.0721008777618
('cmd >>>', './scalmc umc_dimacs4_4_10_4_9_4_2.txt.ind > umc_dimacs4_4_10_4_9_4_2.txt.ind.sol.approx')
('cmd >>>', 'python3 run_cmd_py3.py temp_cmd_file.txt temp_status.txt 2400')
approxMC success
reading approxMC's output...

running approxMC on file... 1466653846.19 0.0511000156403
('cmd >>>', './scalmc umc_dimacs4_4_10_4_9_4_2.txt > umc_dimacs4_4_10_4_9_4_2.txt.sol.approx')
('cmd >>>', 'python3 run_cmd_py3.py temp_cmd_file.txt temp_status.txt 2400')
approxMC success
reading approxMC's output...

numSols_sharpSAT 0
numSols_approxMC 0
numSols_approxMC_mis 0
sharpSAT_time 0.001149
approxMC_time 0.0503370761871
mis_time 0.0665950775146
approxMC_mis_time 0.0510470867157
mis+approxMC time 0.11764216423

lb=0.0, ub=0.0
p2=3.92566191336e-16
(0.9040892450028155, 0.9986786342254799)

----------k,fail_at = 9,3------------
Adding immediatefailureConstraints... 1466653846.24
z3 to cnf... 1466653846.24 0.0529081821442
cnf to dimacs... 1466653846.26 0.0174789428711
saving dimacs to file... 1466653847.2 0.943650960922

num_vars = 617
num_clauses = 2032


running sharpSAT on file... 1466653847.2 0.00198006629944
('cmd >>>', './sharpSAT umc_dimacs4_4_10_4_9_4_3.txt > umc_dimacs4_4_10_4_9_4_3.txt.sol')
('cmd >>>', 'python3 run_cmd_py3.py temp_cmd_file.txt temp_status.txt 2400')
sharpSAT success
reading SharpSat's output...

running mis on file... 1466653847.24 0.0382149219513
('cmd >>>', 'cd mis/ && python MIS.py -output=../mis.out ../umc_dimacs4_4_10_4_9_4_3.txt')
('cmd >>>', 'python3 run_cmd_py3.py temp_cmd_file.txt temp_status.txt 2400')
mis success
('cmd >>>', 'cat umc_dimacs4_4_10_4_9_4_3.txt >> mis.out && mv mis.out umc_dimacs4_4_10_4_9_4_3.txt.ind')
running approxMC on file... 1466653847.31 0.0720500946045
('cmd >>>', './scalmc umc_dimacs4_4_10_4_9_4_3.txt.ind > umc_dimacs4_4_10_4_9_4_3.txt.ind.sol.approx')
('cmd >>>', 'python3 run_cmd_py3.py temp_cmd_file.txt temp_status.txt 2400')
approxMC success
reading approxMC's output...

running approxMC on file... 1466653847.36 0.0499238967896
('cmd >>>', './scalmc umc_dimacs4_4_10_4_9_4_3.txt > umc_dimacs4_4_10_4_9_4_3.txt.sol.approx')
('cmd >>>', 'python3 run_cmd_py3.py temp_cmd_file.txt temp_status.txt 2400')
approxMC success
reading approxMC's output...

numSols_sharpSAT 0
numSols_approxMC 0
numSols_approxMC_mis 0
sharpSAT_time 0.00118
approxMC_time 0.0503001213074
mis_time 0.0663521289825
approxMC_mis_time 0.0498728752136
mis+approxMC time 0.116225004196

lb=0.0, ub=0.0
p2=3.40688970347e-16
(0.9040892450028158, 0.9986786342254799)
Time taken = 4.79860210419
Probability lies in (0.904089245003,0.998678634225)
Uncertainity = 0.0945893892227
Do you want to continue with k=10
----------------------k_crashes = 10 -----------------------
Adding k_maxSimulationConstraints... 1466653847.41

----------k,fail_at = 10,0------------
Adding immediatefailureConstraints... 1466653847.44
z3 to cnf... 1466653847.44 0.0792701244354
cnf to dimacs... 1466653847.46 0.0170319080353
saving dimacs to file... 1466653848.37 0.908550977707

num_vars = 607
num_clauses = 2002


running sharpSAT on file... 1466653848.37 0.00176596641541
('cmd >>>', './sharpSAT umc_dimacs4_4_10_4_10_4_0.txt > umc_dimacs4_4_10_4_10_4_0.txt.sol')
('cmd >>>', 'python3 run_cmd_py3.py temp_cmd_file.txt temp_s
 607 
./togmus ../umc_dimacs4_4_10_4_10_4_0.txt ../mis.out.gcnf false 0

 617 
./togmus ../umc_dimacs4_4_10_4_10_4_1.txt ../mis.out.gcnf false 0

 617 
./togmus ../umc_dimacs4_4_10_4_10_4_2.txt ../mis.out.gcnf false 0
tatus.txt 2400')
sharpSAT success
reading SharpSat's output...

running mis on file... 1466653848.41 0.042464017868
('cmd >>>', 'cd mis/ && python MIS.py -output=../mis.out ../umc_dimacs4_4_10_4_10_4_0.txt')
('cmd >>>', 'python3 run_cmd_py3.py temp_cmd_file.txt temp_status.txt 2400')
mis success
('cmd >>>', 'cat umc_dimacs4_4_10_4_10_4_0.txt >> mis.out && mv mis.out umc_dimacs4_4_10_4_10_4_0.txt.ind')
running approxMC on file... 1466653848.52 0.103596925735
('cmd >>>', './scalmc umc_dimacs4_4_10_4_10_4_0.txt.ind > umc_dimacs4_4_10_4_10_4_0.txt.ind.sol.approx')
('cmd >>>', 'python3 run_cmd_py3.py temp_cmd_file.txt temp_status.txt 2400')
approxMC success
reading approxMC's output...
1 x 2^0

running approxMC on file... 1466653848.57 0.0514681339264
('cmd >>>', './scalmc umc_dimacs4_4_10_4_10_4_0.txt > umc_dimacs4_4_10_4_10_4_0.txt.sol.approx')
('cmd >>>', 'python3 run_cmd_py3.py temp_cmd_file.txt temp_status.txt 2400')
approxMC success
reading approxMC's output...
1 x 2^0

numSols_sharpSAT 1
numSols_approxMC 1
numSols_approxMC_mis 1
sharpSAT_time 0.005163
approxMC_time 0.050950050354
mis_time 0.0981559753418
approxMC_mis_time 0.0514030456543
mis+approxMC time 0.149559020996

lb=8.67361737988e-19, ub=8.67361737988e-19
p2=8.67361737988e-19
(0.9040892450028158, 0.9986786342254799)

----------k,fail_at = 10,1------------
Adding immediatefailureConstraints... 1466653848.62
z3 to cnf... 1466653848.62 0.0536389350891
cnf to dimacs... 1466653848.64 0.0175321102142
saving dimacs to file... 1466653849.56 0.918295860291

num_vars = 617
num_clauses = 2032


running sharpSAT on file... 1466653849.56 0.0018150806427
('cmd >>>', './sharpSAT umc_dimacs4_4_10_4_10_4_1.txt > umc_dimacs4_4_10_4_10_4_1.txt.sol')
('cmd >>>', 'python3 run_cmd_py3.py temp_cmd_file.txt temp_status.txt 2400')
sharpSAT success
reading SharpSat's output...

running mis on file... 1466653849.6 0.0380749702454
('cmd >>>', 'cd mis/ && python MIS.py -output=../mis.out ../umc_dimacs4_4_10_4_10_4_1.txt')
('cmd >>>', 'python3 run_cmd_py3.py temp_cmd_file.txt temp_status.txt 2400')
mis success
('cmd >>>', 'cat umc_dimacs4_4_10_4_10_4_1.txt >> mis.out && mv mis.out umc_dimacs4_4_10_4_10_4_1.txt.ind')
running approxMC on file... 1466653849.67 0.0716850757599
('cmd >>>', './scalmc umc_dimacs4_4_10_4_10_4_1.txt.ind > umc_dimacs4_4_10_4_10_4_1.txt.ind.sol.approx')
('cmd >>>', 'python3 run_cmd_py3.py temp_cmd_file.txt temp_status.txt 2400')
approxMC success
reading approxMC's output...

running approxMC on file... 1466653849.72 0.0504250526428
('cmd >>>', './scalmc umc_dimacs4_4_10_4_10_4_1.txt > umc_dimacs4_4_10_4_10_4_1.txt.sol.approx')
('cmd >>>', 'python3 run_cmd_py3.py temp_cmd_file.txt temp_status.txt 2400')
approxMC success
reading approxMC's output...

numSols_sharpSAT 0
numSols_approxMC 0
numSols_approxMC_mis 0
sharpSAT_time 0.001067
approxMC_time 0.0510711669922
mis_time 0.0661809444427
approxMC_mis_time 0.0503730773926
mis+approxMC time 0.116554021835

lb=0.0, ub=0.0
p2=7.40979196199e-19
(0.9040892450028158, 0.9986786342254799)

----------k,fail_at = 10,2------------
Adding immediatefailureConstraints... 1466653849.77
z3 to cnf... 1466653849.77 0.0539889335632
cnf to dimacs... 1466653849.79 0.0177140235901
saving dimacs to file... 1466653850.71 0.91995382309

num_vars = 617
num_clauses = 2032


running sharpSAT on file... 1466653850.71 0.00177502632141
('cmd >>>', './sharpSAT umc_dimacs4_4_10_4_10_4_2.txt > umc_dimacs4_4_10_4_10_4_2.txt.sol')
('cmd >>>', 'python3 run_cmd_py3.py temp_cmd_file.txt temp_status.txt 2400')
sharpSAT success
reading SharpSat's output...

running mis on file... 1466653850.75 0.0380280017853
('cmd >>>', 'cd mis/ && python MIS.py -output=../mis.out ../umc_dimacs4_4_10_4_10_4_2.txt')
('cmd >>>', 'python3 run_cmd_py3.py temp_cmd_file.txt temp_status.txt 2400')
mis success
('cmd >>>', 'cat umc_dimacs4_4_10_4_10_4_2.txt >> mis.out && mv mis.out umc_dimacs4_4_10_4_10_4_2.txt.ind')
running approxMC on file... 1466653850.82 0.0722990036011
('cmd >>>', './scalmc umc_dimacs4_4_10_4_10_4_2.txt.ind > umc_dimacs4_4_10_4_10_4_2.txt.ind.sol.approx')
('cmd >>>
 617 
./togmus ../umc_dimacs4_4_10_4_10_4_3.txt ../mis.out.gcnf false 0
', 'python3 run_cmd_py3.py temp_cmd_file.txt temp_status.txt 2400')
approxMC success
reading approxMC's output...

running approxMC on file... 1466653850.87 0.0504841804504
('cmd >>>', './scalmc umc_dimacs4_4_10_4_10_4_2.txt > umc_dimacs4_4_10_4_10_4_2.txt.sol.approx')
('cmd >>>', 'python3 run_cmd_py3.py temp_cmd_file.txt temp_status.txt 2400')
approxMC success
reading approxMC's output...

numSols_sharpSAT 0
numSols_approxMC 0
numSols_approxMC_mis 0
sharpSAT_time 0.001095
approxMC_time 0.0501070022583
mis_time 0.0665571689606
approxMC_mis_time 0.0504310131073
mis+approxMC time 0.116988182068

lb=0.0, ub=0.0
p2=6.33011747178e-19
(0.9040892450028158, 0.9986786342254799)

----------k,fail_at = 10,3------------
Adding immediatefailureConstraints... 1466653850.92
z3 to cnf... 1466653850.93 0.0529088973999
cnf to dimacs... 1466653850.94 0.0179209709167
saving dimacs to file... 1466653851.86 0.918491125107

num_vars = 617
num_clauses = 2032


running sharpSAT on file... 1466653851.86 0.00173091888428
('cmd >>>', './sharpSAT umc_dimacs4_4_10_4_10_4_3.txt > umc_dimacs4_4_10_4_10_4_3.txt.sol')
('cmd >>>', 'python3 run_cmd_py3.py temp_cmd_file.txt temp_status.txt 2400')
sharpSAT success
reading SharpSat's output...

running mis on file... 1466653851.9 0.0381870269775
('cmd >>>', 'cd mis/ && python MIS.py -output=../mis.out ../umc_dimacs4_4_10_4_10_4_3.txt')
('cmd >>>', 'python3 run_cmd_py3.py temp_cmd_file.txt temp_status.txt 2400')
mis success
('cmd >>>', 'cat umc_dimacs4_4_10_4_10_4_3.txt >> mis.out && mv mis.out umc_dimacs4_4_10_4_10_4_3.txt.ind')
running approxMC on file... 1466653851.97 0.0720629692078
('cmd >>>', './scalmc umc_dimacs4_4_10_4_10_4_3.txt.ind > umc_dimacs4_4_10_4_10_4_3.txt.ind.sol.approx')
('cmd >>>', 'python3 run_cmd_py3.py temp_cmd_file.txt temp_status.txt 2400')
approxMC success
reading approxMC's output...

running approxMC on file... 1466653852.03 0.0505549907684
('cmd >>>', './scalmc umc_dimacs4_4_10_4_10_4_3.txt > umc_dimacs4_4_10_4_10_4_3.txt.sol.approx')
('cmd >>>', 'python3 run_cmd_py3.py temp_cmd_file.txt temp_status.txt 2400')
approxMC success
reading approxMC's output...

numSols_sharpSAT 0
numSols_approxMC 0
numSols_approxMC_mis 0
sharpSAT_time 0.001159
approxMC_time 0.0419211387634
mis_time 0.0666420459747
approxMC_mis_time 0.0505058765411
mis+approxMC time 0.117147922516

lb=0.0, ub=0.0
p2=5.40776143407e-19
(0.9040892450028158, 0.9986786342254799)
Time taken = 4.65307807922
Probability lies in (0.904089245003,0.998678634225)
Uncertainity = 0.0945893892227
Do you want to continue with k=11
RETURNING successProb... 1466653852.07 0.0422019958496
###############################################
###############################################


###############################################
###############################################
RUNNING successProb... 1466653852.07 0.00159907341003

optimize=True
naive=True
p_omissions=0.015625
p_crashes=0.015625

Adding constraints... 1466653852.07
STARTING successProb Iterations 1466653852.25 0.180255889893
Time taken = 0
Probability lies in (0,1)
Uncertainity = 1
Do you want to continue with k=0
----------------------k_crashes = 0 -----------------------
Adding k_maxSimulationConstraints... 1466653852.25
Finding saboteurProbability... 1466653852.27
saboteurProbability Iteration Count = 0
Time taken = 0.0370841026306
Probability lies in (0.532626804769,1)
Uncertainity = 0.467373195231
Do you want to continue with k=1
----------------------k_crashes = 1 -----------------------
Adding k_maxSimulationConstraints... 1466653852.29
Finding saboteurProbability... 1466653852.31
saboteurProbability Iteration Count = 0
Time taken = 0.0350680351257
Probability lies in (0.87893989976,1)
Uncertainity = 0.12106010024
Do you want to continue with k=2
----------------------k_crashes = 2 -----------------------
Adding k_maxSimulationConstraints... 1466653852.32
Finding saboteurProbability... 1466653852.34
saboteurProbability Iteration Count = 14
Time taken = 4.00280094147
Probability lies in (0.97821855925,0.997951160742)
Uncertainity = 0.0197326014922
Do you want to continue with k=3
----------------------k_crashes = 3 -----------------------
Adding k_maxSimulationConstraints... 1466653856.33
Finding saboteurProbability... 1466653856.35
saboteurProbability Iteration Count = 163
Time taken = 42.7098560333
Probability lies in (0.994767732438,0.996931539978)
Uncertainity = 0.00216380754002
Do you want to continue with k=4
----------------------k_crashes = 4 -----------------------
Adding k_maxSimulationConstraints... 1466653899.04
Finding saboteurProbability... 1466653899.06
saboteurProbability Iteration Count = 951
Time taken = 268.349933147
Probability lies in (0.996546494578,0.996711241824)
Uncertainity = 0.000164747246748
Do you want to continue with k=5
----------------------k_crashes = 5 -----------------------
Adding k_maxSimulationConstraints... 1466654167.39
Finding saboteurProbability... 1466654167.41
saboteurProbability Iteration Count = 3637
Time taken = 1023.90088201
Probability lies in (0.996675460806,0.996684233756)
Uncertainity = 8.77295081536e-06
Do you want to continue with k=6
----------------------k_crashes = 6 -----------------------
Adding k_maxSimulationConstraints... 1466655191.29
Finding saboteurProbability... 1466655191.31
successProb Timeout... 1466657591.52 3739.27330899
###############################################
###############################################


###############################################
###############################################
RUNNING successProb... 1466657591.53 0.011134147644

optimize=False
naive=True
p_omissions=0.015625
p_crashes=0.015625

Adding constraints... 1466657591.53
STARTING successProb Iterations 1466657591.71 0.175651788712
Time taken = 0
Probability lies in (0,1)
Uncertainity = 1
Do you want to continue with k=0
----------------------k_crashes = 0 -----------------------
Adding k_maxSimulationConstraints... 1466657591.71
Finding saboteurProbability... 1466657591.73
saboteurProbability Iteration Count = 0
Time taken = 0.0343918800354
Probability lies in (0.532626804769,1)
Uncertainity = 0.467373195231
Do you want to continue with k=1
----------------------k_crashes = 1 -----------------------
Adding k_maxSimulationConstraints... 1466657591.75
Finding saboteurProbability... 1466657591.77
saboteurProbability Iteration Count = 0
Time taken = 0.0297288894653
Probability lies in (0.87893989976,1)
Uncertainity = 0.12106010024
Do you want to continue with k=2
----------------------k_crashes = 2 -----------------------
Adding k_maxSimulationConstraints... 1466657591.78
Finding saboteurProbability... 1466657591.8
saboteurProbability Iteration Count = 14
Time taken = 0.177895069122
Probability lies in (0.97821855925,0.997951160742)
Uncertainity = 0.0197326014922
Do you want to continue with k=3
----------------------k_crashes = 3 -----------------------
Adding k_maxSimulationConstraints... 1466657591.95
Finding saboteurProbability... 1466657591.97
saboteurProbability Iteration Count = 429
Time taken = 3.67306089401
Probability lies in (0.994767732438,0.996931539978)
Uncertainity = 0.00216380754002
Do you want to continue with k=4
----------------------k_crashes = 4 -----------------------
Adding k_maxSimulationConstraints... 1466657595.63
Finding saboteurProbability... 1466657595.65
saboteurProbability Iteration Count = 5709
Time taken = 72.7919549942
Probability lies in (0.996546494578,0.996711241824)
Uncertainity = 0.000164747246748
Do you want to continue with k=5
----------------------k_crashes = 5 -----------------------
Adding k_maxSimulationConstraints... 1466657668.43
Finding saboteurProbability... 1466657668.45
successProb Timeout... 1466660068.5 2476.79257703
###############################################
###############################################


###############################################
###############################################
RUNNING priorityScore... 1466660068.62 0.121150970459

optimize=True
precision=10
p_omissions=0.015625
p_crashes=0.015625
p_delays=0
RR=message

Simulating network... 1466660068.62 0.000156164169312
setting weight vars... 1466660068.8 0.173790931702
converting to unweighted... 1466660068.84 0.0417370796204
z3 to cnf... 1466660068.96 0.12379693985
cnf to dimacs... 1466660068.97 0.00249195098877
saving dimacs to file... 1466660070.45 1.48168206215

num_vars = 1998
num_clauses = 3692

running SharpSat on file... 1466660070.45 0.00288701057434
('cmd >>>', './sharpSAT umc_dimacs.txt > num_sols.txt')
('cmd >>>', 'python3 run_cmd_py3.py temp_cmd_file.txt temp_status.txt 2400')
sharpSAT success
reading SharpSat's output...



sharpSAT_time = 0.060599
numSols = 5717226710285504084335916368514063768453640382530226929389508130095102788806019026100835494144837306843772212013271623170660312627220341408281398209677076690135092892414576172198306280271290101998882321761234659387788494047998695162329529829354514723945446996838693778007875508430311433304464
denom = 5.713706429336664474667751667E+291
prob = 1.000616111624280335732285777



RETURNING priorityScore... 1466660070.55 0.10488986969
###############################################
###############################################


###############################################
###############################################
RUNNING monte_carlo_Score... 1466660070.56 0.001540184021

epsilon=0.01
confidence=0.999
RR=message
p_omissions=0.015625
p_crashes=0.015625


num_iterations 34539
Progress:0.00%
Progress:11.86%
Progress:23.72%
Progress:35.58%
Progress:47.44%
Progress:59.30%
Progress:71.15%
Progress:83.01%
Progress:94.87%

prob 0.996236138858

RETURNING monte_carlo_Score... 1466660109.43 38.8770849705
###############################################
###############################################


###############################################
###############################################
RUNNING monte_carlo_Score_thread... 1466660109.43 9.05990600586e-06

epsilon=0.01
confidence=0.999
RR=message
p_omissions=0.015625
p_crashes=0.015625


num_iterations 34539
Spawned Process 0
Spawned Process 1
Spawned Process 2
Thread3 Progress:0.00%
Thread3 Progress:47.43%
Thread3 Progress:94.87%
Thread0 Progress:0.00%
Thread0 Progress:47.44%
Thread0 Progress:94.88%
Thread1 Progress:0.00%
Thread1 Progress:47.43%
Thread1 Progress:94.87%
Thread2 Progress:0.00%
Thread2 Progress:47.43%
Thread2 Progress:94.87%
Spawned Process 3
Waiting for processes to end...
All processes ended...

prob 0.997104722198

RETURNING monte_carlo_Score_thread... 1466660120.36 10.9248259068
###############################################
###############################################



#Final Probabilities:

successProb bit-adder        	(0.9040892450028158, 0.9986786342254799) 55.4316971302
successProb OPT              	((0.9966754608055831, 0.9966842337563985), 'Timeout') 3739.46469307
successProb NO OPT           	((0.996546494577574, 0.9967112418243218), 'Timeout') 2477.08937383
priorityScore messageRR      	1.000616111624280335732285777 1.93297886848
monte_carlo messageRR        	0.996236138858 38.8770949841
monte_carlo thread messageRR 	0.997104722198 10.9275460243


Total Time taken = 6323.72620797


End Time 1466660120.36
###############################################
###############################################

Finished CEGAR!
